#
# A fatal error has been detected by the Java Runtime Environment:
#
#  Internal Error (constantPoolOop.hpp:299), pid=1943, tid=139674101430016
#  guarantee(tag_at(which).is_klass()) failed: Corrupted constant pool
#
# JRE version: 6.0_24-b24
# Java VM: OpenJDK 64-Bit Server VM (20.0-b12 mixed mode linux-amd64 compressed oops)
# Derivative: IcedTea6 1.11.5
# Distribution: Ubuntu 12.04 LTS, package 6b24-1.11.5-0ubuntu1~12.04.1
# If you would like to submit a bug report, please include
# instructions how to reproduce the bug and visit:
#   https://bugs.launchpad.net/ubuntu/+source/openjdk-6/
#

---------------  T H R E A D  ---------------

Current thread (0x00007f08702d4800):  JavaThread "qtp305297482-22" [_thread_in_vm, id=1981, stack(0x00007f0869233000,0x00007f0869334000)]

Stack: [0x00007f0869233000,0x00007f0869334000],  sp=0x00007f0869330790,  free space=1013k
Native frames: (J=compiled Java code, j=interpreted, Vv=VM code, C=native code)
V  [libjvm.so+0x7846a5]  VMError::report(outputStream*)+0x1255
V  [libjvm.so+0x784929]  VMError::report_and_die()+0x169
V  [libjvm.so+0x3bb5ea]  report_vm_error(char const*, int, char const*, char const*)+0x4a
V  [libjvm.so+0x3b4479]  constantPoolOopDesc::klass_at_impl(constantPoolHandle, int, Thread*)+0x129
V  [libjvm.so+0x4f5cf2]  JVM_GetEnclosingMethodInfo+0x152
j  java.lang.Class.getEnclosingMethod0()[Ljava/lang/Object;+0
j  java.lang.Class.getEnclosingMethodInfo()Ljava/lang/Class$EnclosingMethodInfo;+1
j  java.lang.Class.getEnclosingClass()Ljava/lang/Class;+1
j  java.lang.Class.getSimpleBinaryName()Ljava/lang/String;+1
j  java.lang.Class.getSimpleName()Ljava/lang/String;+34
j  java.lang.Class.isAnonymousClass()Z+3
j  org.wicketstuff.pageserializer.kryo2.inspecting.analyze.report.TreeSizeReport.label(Lorg/wicketstuff/pageserializer/kryo2/inspecting/analyze/ISerializedObjectTree;)Ljava/lang/String;+10
j  org.wicketstuff.pageserializer.kryo2.inspecting.analyze.report.TreeSizeReport.process(Lorg/wicketstuff/pageserializer/kryo2/inspecting/analyze/ISerializedObjectTree;Lorg/wicketstuff/pageserializer/kryo2/inspecting/analyze/reportbuilder/Report;II)V+43
j  org.wicketstuff.pageserializer.kryo2.inspecting.analyze.report.TreeSizeReport.process(Lorg/wicketstuff/pageserializer/kryo2/inspecting/analyze/ISerializedObjectTree;Lorg/wicketstuff/pageserializer/kryo2/inspecting/analyze/reportbuilder/Report;II)V+227
j  org.wicketstuff.pageserializer.kryo2.inspecting.analyze.report.TreeSizeReport.process(Lorg/wicketstuff/pageserializer/kryo2/inspecting/analyze/ISerializedObjectTree;)V+38
j  org.wicketstuff.pageserializer.kryo2.inspecting.analyze.TreeProcessors$1.process(Lorg/wicketstuff/pageserializer/kryo2/inspecting/analyze/ISerializedObjectTree;)V+22
j  org.wicketstuff.pageserializer.kryo2.inspecting.analyze.AbstractTreeTransformingProcessor.process(Lorg/wicketstuff/pageserializer/kryo2/inspecting/analyze/ISerializedObjectTree;)V+9
j  org.wicketstuff.pageserializer.kryo2.inspecting.analyze.AnalyzingSerializationListener.end(Lorg/wicketstuff/pageserializer/kryo2/inspecting/analyze/ObjectTreeTracker;Ljava/lang/Object;Ljava/lang/RuntimeException;)V+13
j  org.wicketstuff.pageserializer.kryo2.inspecting.analyze.AnalyzingSerializationListener.end(Ljava/lang/Object;Ljava/lang/Object;Ljava/lang/RuntimeException;)V+7
j  org.wicketstuff.pageserializer.kryo2.inspecting.listener.ThreadLocalContextSerializationListener.end(Ljava/lang/Object;Ljava/lang/RuntimeException;)V+19
j  org.wicketstuff.pageserializer.kryo2.inspecting.listener.SerializationListeners$1.end(Ljava/lang/Object;Ljava/lang/RuntimeException;)V+25
j  org.wicketstuff.pageserializer.kryo2.inspecting.InspectingKryoSerializer.serialize(Ljava/lang/Object;)[B+51
j  org.apache.wicket.pageStore.DefaultPageStore.serializePage(Ljava/lang/String;Lorg/apache/wicket/page/IManageablePage;)Lorg/apache/wicket/pageStore/DefaultPageStore$SerializedPage;+21
j  org.apache.wicket.pageStore.DefaultPageStore.storePage(Ljava/lang/String;Lorg/apache/wicket/page/IManageablePage;)V+3
j  org.apache.wicket.page.PageStoreManager$PersistentRequestAdapter.storeTouchedPages(Ljava/util/List;)V+60
j  org.apache.wicket.page.RequestAdapter.commitRequest()V+112
j  org.apache.wicket.page.AbstractPageManager.commitRequest()V+4
j  org.apache.wicket.page.PageManagerDecorator.commitRequest()V+4
j  org.apache.wicket.page.PageAccessSynchronizer$2.commitRequest()V+1
j  org.apache.wicket.Application$2.onDetach(Lorg/apache/wicket/request/cycle/RequestCycle;)V+12
j  org.apache.wicket.request.cycle.RequestCycleListenerCollection$3.notify(Lorg/apache/wicket/request/cycle/IRequestCycleListener;)V+5
j  org.apache.wicket.request.cycle.RequestCycleListenerCollection$3.notify(Ljava/lang/Object;)V+5
j  org.apache.wicket.util.listener.ListenerCollection$1.notify(Ljava/lang/Object;)V+5
j  org.apache.wicket.util.listener.ListenerCollection.reversedNotify(Lorg/apache/wicket/util/listener/ListenerCollection$INotifier;)V+30
j  org.apache.wicket.util.listener.ListenerCollection.reversedNotifyIgnoringExceptions(Lorg/apache/wicket/util/listener/ListenerCollection$INotifier;)V+10
j  org.apache.wicket.request.cycle.RequestCycleListenerCollection.onDetach(Lorg/apache/wicket/request/cycle/RequestCycle;)V+10
j  org.apache.wicket.request.cycle.RequestCycle.onDetach()V+58
j  org.apache.wicket.request.cycle.RequestCycle.detach()V+5
j  org.apache.wicket.request.cycle.RequestCycle.processRequestAndDetach()Z+6
j  org.apache.wicket.protocol.http.WicketFilter.processRequest(Ljavax/servlet/ServletRequest;Ljavax/servlet/ServletResponse;Ljavax/servlet/FilterChain;)Z+212
j  org.apache.wicket.protocol.http.WicketFilter.doFilter(Ljavax/servlet/ServletRequest;Ljavax/servlet/ServletResponse;Ljavax/servlet/FilterChain;)V+4
j  org.eclipse.jetty.servlet.ServletHandler$CachedChain.doFilter(Ljavax/servlet/ServletRequest;Ljavax/servlet/ServletResponse;)V+100
j  org.eclipse.jetty.servlet.ServletHandler.doHandle(Ljava/lang/String;Lorg/eclipse/jetty/server/Request;Ljavax/servlet/http/HttpServletRequest;Ljavax/servlet/http/HttpServletResponse;)V+197
j  org.eclipse.jetty.server.handler.ScopedHandler.handle(Ljava/lang/String;Lorg/eclipse/jetty/server/Request;Ljavax/servlet/http/HttpServletRequest;Ljavax/servlet/http/HttpServletResponse;)V+25
j  org.eclipse.jetty.security.SecurityHandler.handle(Ljava/lang/String;Lorg/eclipse/jetty/server/Request;Ljavax/servlet/http/HttpServletRequest;Ljavax/servlet/http/HttpServletResponse;)V+570
j  org.eclipse.jetty.server.session.SessionHandler.doHandle(Ljava/lang/String;Lorg/eclipse/jetty/server/Request;Ljavax/servlet/http/HttpServletRequest;Ljavax/servlet/http/HttpServletResponse;)V+68
j  org.eclipse.jetty.server.handler.ContextHandler.doHandle(Ljava/lang/String;Lorg/eclipse/jetty/server/Request;Ljavax/servlet/http/HttpServletRequest;Ljavax/servlet/http/HttpServletResponse;)V+206
j  org.eclipse.jetty.servlet.ServletHandler.doScope(Ljava/lang/String;Lorg/eclipse/jetty/server/Request;Ljavax/servlet/http/HttpServletRequest;Ljavax/servlet/http/HttpServletResponse;)V+277
j  org.eclipse.jetty.server.session.SessionHandler.doScope(Ljava/lang/String;Lorg/eclipse/jetty/server/Request;Ljavax/servlet/http/HttpServletRequest;Ljavax/servlet/http/HttpServletResponse;)V+233
j  org.eclipse.jetty.server.handler.ContextHandler.doScope(Ljava/lang/String;Lorg/eclipse/jetty/server/Request;Ljavax/servlet/http/HttpServletRequest;Ljavax/servlet/http/HttpServletResponse;)V+416
j  org.eclipse.jetty.server.handler.ScopedHandler.handle(Ljava/lang/String;Lorg/eclipse/jetty/server/Request;Ljavax/servlet/http/HttpServletRequest;Ljavax/servlet/http/HttpServletResponse;)V+13
j  org.eclipse.jetty.server.handler.HandlerWrapper.handle(Ljava/lang/String;Lorg/eclipse/jetty/server/Request;Ljavax/servlet/http/HttpServletRequest;Ljavax/servlet/http/HttpServletResponse;)V+23
j  org.eclipse.jetty.server.Server.handle(Lorg/eclipse/jetty/server/AbstractHttpConnection;)V+134
j  org.eclipse.jetty.server.AbstractHttpConnection.handleRequest()V+228
j  org.eclipse.jetty.server.AbstractHttpConnection.headerComplete()V+448
j  org.eclipse.jetty.server.AbstractHttpConnection$RequestHandler.headerComplete()V+4
j  org.eclipse.jetty.http.HttpParser.parseNext()I+2158
j  org.eclipse.jetty.http.HttpParser.parseAvailable()Z+1
j  org.eclipse.jetty.server.AsyncHttpConnection.handle()Lorg/eclipse/jetty/io/Connection;+80
j  org.eclipse.jetty.io.nio.SelectChannelEndPoint.handle()V+10
j  org.eclipse.jetty.io.nio.SelectChannelEndPoint$1.run()V+4
j  org.eclipse.jetty.util.thread.QueuedThreadPool.runJob(Ljava/lang/Runnable;)V+1
j  org.eclipse.jetty.util.thread.QueuedThreadPool$3.run()V+47
j  java.lang.Thread.run()V+11
v  ~StubRoutines::call_stub
V  [libjvm.so+0x4b029f]  JavaCalls::call_helper(JavaValue*, methodHandle*, JavaCallArguments*, Thread*)+0x29f
V  [libjvm.so+0x4af6d5]  JavaCalls::call(JavaValue*, methodHandle, JavaCallArguments*, Thread*)+0x25
V  [libjvm.so+0x4afbd3]  JavaCalls::call_virtual(JavaValue*, KlassHandle, symbolHandle, symbolHandle, JavaCallArguments*, Thread*)+0x1a3
V  [libjvm.so+0x4afcff]  JavaCalls::call_virtual(JavaValue*, Handle, KlassHandle, symbolHandle, symbolHandle, Thread*)+0x4f
V  [libjvm.so+0x4e58f6]  thread_entry(JavaThread*, Thread*)+0x86
V  [libjvm.so+0x74d098]  JavaThread::thread_main_inner()+0x58
V  [libjvm.so+0x64c3b2]  java_start(Thread*)+0x112

Java frames: (J=compiled Java code, j=interpreted, Vv=VM code)
j  java.lang.Class.getEnclosingMethod0()[Ljava/lang/Object;+0
j  java.lang.Class.getEnclosingMethodInfo()Ljava/lang/Class$EnclosingMethodInfo;+1
j  java.lang.Class.getEnclosingClass()Ljava/lang/Class;+1
j  java.lang.Class.getSimpleBinaryName()Ljava/lang/String;+1
j  java.lang.Class.getSimpleName()Ljava/lang/String;+34
j  java.lang.Class.isAnonymousClass()Z+3
j  org.wicketstuff.pageserializer.kryo2.inspecting.analyze.report.TreeSizeReport.label(Lorg/wicketstuff/pageserializer/kryo2/inspecting/analyze/ISerializedObjectTree;)Ljava/lang/String;+10
j  org.wicketstuff.pageserializer.kryo2.inspecting.analyze.report.TreeSizeReport.process(Lorg/wicketstuff/pageserializer/kryo2/inspecting/analyze/ISerializedObjectTree;Lorg/wicketstuff/pageserializer/kryo2/inspecting/analyze/reportbuilder/Report;II)V+43
j  org.wicketstuff.pageserializer.kryo2.inspecting.analyze.report.TreeSizeReport.process(Lorg/wicketstuff/pageserializer/kryo2/inspecting/analyze/ISerializedObjectTree;Lorg/wicketstuff/pageserializer/kryo2/inspecting/analyze/reportbuilder/Report;II)V+227
j  org.wicketstuff.pageserializer.kryo2.inspecting.analyze.report.TreeSizeReport.process(Lorg/wicketstuff/pageserializer/kryo2/inspecting/analyze/ISerializedObjectTree;)V+38
j  org.wicketstuff.pageserializer.kryo2.inspecting.analyze.TreeProcessors$1.process(Lorg/wicketstuff/pageserializer/kryo2/inspecting/analyze/ISerializedObjectTree;)V+22
j  org.wicketstuff.pageserializer.kryo2.inspecting.analyze.AbstractTreeTransformingProcessor.process(Lorg/wicketstuff/pageserializer/kryo2/inspecting/analyze/ISerializedObjectTree;)V+9
j  org.wicketstuff.pageserializer.kryo2.inspecting.analyze.AnalyzingSerializationListener.end(Lorg/wicketstuff/pageserializer/kryo2/inspecting/analyze/ObjectTreeTracker;Ljava/lang/Object;Ljava/lang/RuntimeException;)V+13
j  org.wicketstuff.pageserializer.kryo2.inspecting.analyze.AnalyzingSerializationListener.end(Ljava/lang/Object;Ljava/lang/Object;Ljava/lang/RuntimeException;)V+7
j  org.wicketstuff.pageserializer.kryo2.inspecting.listener.ThreadLocalContextSerializationListener.end(Ljava/lang/Object;Ljava/lang/RuntimeException;)V+19
j  org.wicketstuff.pageserializer.kryo2.inspecting.listener.SerializationListeners$1.end(Ljava/lang/Object;Ljava/lang/RuntimeException;)V+25
j  org.wicketstuff.pageserializer.kryo2.inspecting.InspectingKryoSerializer.serialize(Ljava/lang/Object;)[B+51
j  org.apache.wicket.pageStore.DefaultPageStore.serializePage(Ljava/lang/String;Lorg/apache/wicket/page/IManageablePage;)Lorg/apache/wicket/pageStore/DefaultPageStore$SerializedPage;+21
j  org.apache.wicket.pageStore.DefaultPageStore.storePage(Ljava/lang/String;Lorg/apache/wicket/page/IManageablePage;)V+3
j  org.apache.wicket.page.PageStoreManager$PersistentRequestAdapter.storeTouchedPages(Ljava/util/List;)V+60
j  org.apache.wicket.page.RequestAdapter.commitRequest()V+112
j  org.apache.wicket.page.AbstractPageManager.commitRequest()V+4
j  org.apache.wicket.page.PageManagerDecorator.commitRequest()V+4
j  org.apache.wicket.page.PageAccessSynchronizer$2.commitRequest()V+1
j  org.apache.wicket.Application$2.onDetach(Lorg/apache/wicket/request/cycle/RequestCycle;)V+12
j  org.apache.wicket.request.cycle.RequestCycleListenerCollection$3.notify(Lorg/apache/wicket/request/cycle/IRequestCycleListener;)V+5
j  org.apache.wicket.request.cycle.RequestCycleListenerCollection$3.notify(Ljava/lang/Object;)V+5
j  org.apache.wicket.util.listener.ListenerCollection$1.notify(Ljava/lang/Object;)V+5
j  org.apache.wicket.util.listener.ListenerCollection.reversedNotify(Lorg/apache/wicket/util/listener/ListenerCollection$INotifier;)V+30
j  org.apache.wicket.util.listener.ListenerCollection.reversedNotifyIgnoringExceptions(Lorg/apache/wicket/util/listener/ListenerCollection$INotifier;)V+10
j  org.apache.wicket.request.cycle.RequestCycleListenerCollection.onDetach(Lorg/apache/wicket/request/cycle/RequestCycle;)V+10
j  org.apache.wicket.request.cycle.RequestCycle.onDetach()V+58
j  org.apache.wicket.request.cycle.RequestCycle.detach()V+5
j  org.apache.wicket.request.cycle.RequestCycle.processRequestAndDetach()Z+6
j  org.apache.wicket.protocol.http.WicketFilter.processRequest(Ljavax/servlet/ServletRequest;Ljavax/servlet/ServletResponse;Ljavax/servlet/FilterChain;)Z+212
j  org.apache.wicket.protocol.http.WicketFilter.doFilter(Ljavax/servlet/ServletRequest;Ljavax/servlet/ServletResponse;Ljavax/servlet/FilterChain;)V+4
j  org.eclipse.jetty.servlet.ServletHandler$CachedChain.doFilter(Ljavax/servlet/ServletRequest;Ljavax/servlet/ServletResponse;)V+100
j  org.eclipse.jetty.servlet.ServletHandler.doHandle(Ljava/lang/String;Lorg/eclipse/jetty/server/Request;Ljavax/servlet/http/HttpServletRequest;Ljavax/servlet/http/HttpServletResponse;)V+197
j  org.eclipse.jetty.server.handler.ScopedHandler.handle(Ljava/lang/String;Lorg/eclipse/jetty/server/Request;Ljavax/servlet/http/HttpServletRequest;Ljavax/servlet/http/HttpServletResponse;)V+25
j  org.eclipse.jetty.security.SecurityHandler.handle(Ljava/lang/String;Lorg/eclipse/jetty/server/Request;Ljavax/servlet/http/HttpServletRequest;Ljavax/servlet/http/HttpServletResponse;)V+570
j  org.eclipse.jetty.server.session.SessionHandler.doHandle(Ljava/lang/String;Lorg/eclipse/jetty/server/Request;Ljavax/servlet/http/HttpServletRequest;Ljavax/servlet/http/HttpServletResponse;)V+68
j  org.eclipse.jetty.server.handler.ContextHandler.doHandle(Ljava/lang/String;Lorg/eclipse/jetty/server/Request;Ljavax/servlet/http/HttpServletRequest;Ljavax/servlet/http/HttpServletResponse;)V+206
j  org.eclipse.jetty.servlet.ServletHandler.doScope(Ljava/lang/String;Lorg/eclipse/jetty/server/Request;Ljavax/servlet/http/HttpServletRequest;Ljavax/servlet/http/HttpServletResponse;)V+277
j  org.eclipse.jetty.server.session.SessionHandler.doScope(Ljava/lang/String;Lorg/eclipse/jetty/server/Request;Ljavax/servlet/http/HttpServletRequest;Ljavax/servlet/http/HttpServletResponse;)V+233
j  org.eclipse.jetty.server.handler.ContextHandler.doScope(Ljava/lang/String;Lorg/eclipse/jetty/server/Request;Ljavax/servlet/http/HttpServletRequest;Ljavax/servlet/http/HttpServletResponse;)V+416
j  org.eclipse.jetty.server.handler.ScopedHandler.handle(Ljava/lang/String;Lorg/eclipse/jetty/server/Request;Ljavax/servlet/http/HttpServletRequest;Ljavax/servlet/http/HttpServletResponse;)V+13
j  org.eclipse.jetty.server.handler.HandlerWrapper.handle(Ljava/lang/String;Lorg/eclipse/jetty/server/Request;Ljavax/servlet/http/HttpServletRequest;Ljavax/servlet/http/HttpServletResponse;)V+23
j  org.eclipse.jetty.server.Server.handle(Lorg/eclipse/jetty/server/AbstractHttpConnection;)V+134
j  org.eclipse.jetty.server.AbstractHttpConnection.handleRequest()V+228
j  org.eclipse.jetty.server.AbstractHttpConnection.headerComplete()V+448
j  org.eclipse.jetty.server.AbstractHttpConnection$RequestHandler.headerComplete()V+4
j  org.eclipse.jetty.http.HttpParser.parseNext()I+2158
j  org.eclipse.jetty.http.HttpParser.parseAvailable()Z+1
j  org.eclipse.jetty.server.AsyncHttpConnection.handle()Lorg/eclipse/jetty/io/Connection;+80
j  org.eclipse.jetty.io.nio.SelectChannelEndPoint.handle()V+10
j  org.eclipse.jetty.io.nio.SelectChannelEndPoint$1.run()V+4
j  org.eclipse.jetty.util.thread.QueuedThreadPool.runJob(Ljava/lang/Runnable;)V+1
j  org.eclipse.jetty.util.thread.QueuedThreadPool$3.run()V+47
j  java.lang.Thread.run()V+11
v  ~StubRoutines::call_stub

---------------  P R O C E S S  ---------------

Java Threads: ( => current thread )
  0x00007f084404d800 JavaThread "ModificationWatcher Task" daemon [_thread_blocked, id=1984, stack(0x00007f0868f29000,0x00007f086902a000)]
=>0x00007f08702d4800 JavaThread "qtp305297482-22" [_thread_in_vm, id=1981, stack(0x00007f0869233000,0x00007f0869334000)]
  0x00007f08702ae800 JavaThread "qtp305297482-21" [_thread_blocked, id=1979, stack(0x00007f0869334000,0x00007f0869435000)]
  0x00007f08702d1000 JavaThread "qtp305297482-20" [_thread_blocked, id=1978, stack(0x00007f0869435000,0x00007f0869536000)]
  0x00007f08702cf800 JavaThread "qtp305297482-19" [_thread_blocked, id=1977, stack(0x00007f0869536000,0x00007f0869637000)]
  0x00007f0870413800 JavaThread "qtp305297482-18" [_thread_blocked, id=1976, stack(0x00007f0869637000,0x00007f0869738000)]
  0x00007f08702ac000 JavaThread "qtp305297482-17" [_thread_blocked, id=1975, stack(0x00007f0869738000,0x00007f0869839000)]
  0x00007f087031a000 JavaThread "qtp305297482-16 Acceptor0 SelectChannelConnector@0.0.0.0:8080" [_thread_in_native, id=1974, stack(0x00007f0869839000,0x00007f086993a000)]
  0x00007f08702a9000 JavaThread "qtp305297482-15 Selector0" [_thread_in_native, id=1973, stack(0x00007f086993a000,0x00007f0869a3b000)]
  0x00007f0870378800 JavaThread "HashSessionScavenger-0" daemon [_thread_blocked, id=1972, stack(0x00007f0869a3b000,0x00007f0869b3c000)]
  0x00007f08701bf000 JavaThread "Thread-1" [_thread_in_native, id=1971, stack(0x00007f0869c19000,0x00007f0869d1a000)]
  0x00007f08701b1000 JavaThread "Thread-0" [_thread_blocked, id=1970, stack(0x00007f0869d1a000,0x00007f0869e1b000)]
  0x00007f08700af000 JavaThread "Low Memory Detector" daemon [_thread_blocked, id=1968, stack(0x00007f086a192000,0x00007f086a293000)]
  0x00007f08700ad000 JavaThread "C2 CompilerThread1" daemon [_thread_blocked, id=1967, stack(0x00007f086a293000,0x00007f086a394000)]
  0x00007f08700aa000 JavaThread "C2 CompilerThread0" daemon [_thread_blocked, id=1966, stack(0x00007f086a394000,0x00007f086a495000)]
  0x00007f0850001000 JavaThread "JDWP Command Reader" daemon [_thread_in_native, id=1964, stack(0x00007f086a495000,0x00007f086a596000)]
  0x00007f08700a7800 JavaThread "JDWP Event Helper Thread" daemon [_thread_blocked, id=1963, stack(0x00007f086a596000,0x00007f086a697000)]
  0x00007f08700a4000 JavaThread "JDWP Transport Listener: dt_socket" daemon [_thread_blocked, id=1960, stack(0x00007f086a697000,0x00007f086a798000)]
  0x00007f0870098000 JavaThread "Signal Dispatcher" daemon [_thread_blocked, id=1958, stack(0x00007f086a99d000,0x00007f086aa9e000)]
  0x00007f087007a000 JavaThread "Finalizer" daemon [_thread_blocked, id=1957, stack(0x00007f086aa9e000,0x00007f086ab9f000)]
  0x00007f0870078000 JavaThread "Reference Handler" daemon [_thread_blocked, id=1956, stack(0x00007f086ab9f000,0x00007f086aca0000)]
  0x00007f087000d800 JavaThread "main" [_thread_blocked, id=1952, stack(0x00007f087654a000,0x00007f087664b000)]

Other Threads:
  0x00007f0870071000 VMThread [stack: 0x00007f086aca0000,0x00007f086ada1000] [id=1955]
  0x00007f08700b1800 WatcherThread [stack: 0x00007f086a091000,0x00007f086a192000] [id=1969]

VM state:not at safepoint (normal execution)

VM Mutex/Monitor currently owned by a thread: None

Heap
 PSYoungGen      total 66496K, used 35025K [0x00000000d8160000, 0x00000000e1080000, 0x0000000100000000)
  eden space 61440K, 53% used [0x00000000d8160000,0x00000000da13b978,0x00000000dbd60000)
  from space 5056K, 47% used [0x00000000dbd60000,0x00000000dbfb8be8,0x00000000dc250000)
  to   space 11840K, 0% used [0x00000000e04f0000,0x00000000e04f0000,0x00000000e1080000)
 PSOldGen        total 81728K, used 7930K [0x0000000088400000, 0x000000008d3d0000, 0x00000000d8160000)
  object space 81728K, 9% used [0x0000000088400000,0x0000000088bbe958,0x000000008d3d0000)
 PSPermGen       total 21248K, used 18548K [0x0000000080400000, 0x00000000818c0000, 0x0000000088400000)
  object space 21248K, 87% used [0x0000000080400000,0x000000008161d018,0x00000000818c0000)

Code Cache  [0x00007f086bb11000, 0x00007f086bd81000, 0x00007f086eb11000)
 total_blobs=591 nmethods=329 adapters=224 free_code_cache=48859904 largest_free_block=14272

Dynamic libraries:
00400000-00409000 r-xp 00000000 fc:01 16125934                           /usr/lib/jvm/java-6-openjdk-amd64/jre/bin/java
00608000-00609000 r--p 00008000 fc:01 16125934                           /usr/lib/jvm/java-6-openjdk-amd64/jre/bin/java
00609000-0060a000 rw-p 00009000 fc:01 16125934                           /usr/lib/jvm/java-6-openjdk-amd64/jre/bin/java
00dca000-00deb000 rw-p 00000000 00:00 0                                  [heap]
80400000-818c0000 rw-p 00000000 00:00 0 
818c0000-88400000 rw-p 00000000 00:00 0 
88400000-8d3d0000 rw-p 00000000 00:00 0 
8d3d0000-d8160000 rw-p 00000000 00:00 0 
d8160000-e1080000 rw-p 00000000 00:00 0 
e1080000-100000000 rw-p 00000000 00:00 0 
7f082c000000-7f082c05e000 rw-p 00000000 00:00 0 
7f082c05e000-7f0830000000 ---p 00000000 00:00 0 
7f0834000000-7f0834021000 rw-p 00000000 00:00 0 
7f0834021000-7f0838000000 ---p 00000000 00:00 0 
7f0838000000-7f0838021000 rw-p 00000000 00:00 0 
7f0838021000-7f083c000000 ---p 00000000 00:00 0 
7f083c000000-7f083d79e000 rw-p 00000000 00:00 0 
7f083d79e000-7f0840000000 ---p 00000000 00:00 0 
7f0840000000-7f0841323000 rw-p 00000000 00:00 0 
7f0841323000-7f0844000000 ---p 00000000 00:00 0 
7f0844000000-7f0844150000 rw-p 00000000 00:00 0 
7f0844150000-7f0848000000 ---p 00000000 00:00 0 
7f0848000000-7f084802d000 rw-p 00000000 00:00 0 
7f084802d000-7f084c000000 ---p 00000000 00:00 0 
7f084c000000-7f084c218000 rw-p 00000000 00:00 0 
7f084c218000-7f0850000000 ---p 00000000 00:00 0 
7f0850000000-7f0850021000 rw-p 00000000 00:00 0 
7f0850021000-7f0854000000 ---p 00000000 00:00 0 
7f0854000000-7f0854021000 rw-p 00000000 00:00 0 
7f0854021000-7f0858000000 ---p 00000000 00:00 0 
7f0858000000-7f0858021000 rw-p 00000000 00:00 0 
7f0858021000-7f085c000000 ---p 00000000 00:00 0 
7f085c000000-7f085c022000 rw-p 00000000 00:00 0 
7f085c022000-7f0860000000 ---p 00000000 00:00 0 
7f0860000000-7f0860021000 rw-p 00000000 00:00 0 
7f0860021000-7f0864000000 ---p 00000000 00:00 0 
7f0864000000-7f0864021000 rw-p 00000000 00:00 0 
7f0864021000-7f0868000000 ---p 00000000 00:00 0 
7f0868e28000-7f0868e2b000 ---p 00000000 00:00 0 
7f0868e2b000-7f0868f29000 rw-p 00000000 00:00 0 
7f0868f29000-7f0868f2c000 ---p 00000000 00:00 0 
7f0868f2c000-7f086902a000 rw-p 00000000 00:00 0 
7f086902a000-7f0869032000 r-xp 00000000 fc:01 16255334                   /usr/lib/jvm/java-6-openjdk-amd64/jre/lib/amd64/libnio.so
7f0869032000-7f0869231000 ---p 00008000 fc:01 16255334                   /usr/lib/jvm/java-6-openjdk-amd64/jre/lib/amd64/libnio.so
7f0869231000-7f0869232000 r--p 00007000 fc:01 16255334                   /usr/lib/jvm/java-6-openjdk-amd64/jre/lib/amd64/libnio.so
7f0869232000-7f0869233000 rw-p 00008000 fc:01 16255334                   /usr/lib/jvm/java-6-openjdk-amd64/jre/lib/amd64/libnio.so
7f0869233000-7f0869236000 ---p 00000000 00:00 0 
7f0869236000-7f0869334000 rw-p 00000000 00:00 0 
7f0869334000-7f0869337000 ---p 00000000 00:00 0 
7f0869337000-7f0869435000 rw-p 00000000 00:00 0 
7f0869435000-7f0869438000 ---p 00000000 00:00 0 
7f0869438000-7f0869536000 rw-p 00000000 00:00 0 
7f0869536000-7f0869539000 ---p 00000000 00:00 0 
7f0869539000-7f0869637000 rw-p 00000000 00:00 0 
7f0869637000-7f086963a000 ---p 00000000 00:00 0 
7f086963a000-7f0869738000 rw-p 00000000 00:00 0 
7f0869738000-7f086973b000 ---p 00000000 00:00 0 
7f086973b000-7f0869839000 rw-p 00000000 00:00 0 
7f0869839000-7f086983c000 ---p 00000000 00:00 0 
7f086983c000-7f086993a000 rw-p 00000000 00:00 0 
7f086993a000-7f086993d000 ---p 00000000 00:00 0 
7f086993d000-7f0869a3b000 rw-p 00000000 00:00 0 
7f0869a3b000-7f0869a3e000 ---p 00000000 00:00 0 
7f0869a3e000-7f0869b3c000 rw-p 00000000 00:00 0 
7f0869b3c000-7f0869b45000 r--s 00058000 fc:01 7475882                    /home/mosmann/.m2/repository/org/apache/wicket/wicket-util/1.5.8/wicket-util-1.5.8.jar
7f0869b45000-7f0869b48000 r--s 00013000 fc:01 7475883                    /home/mosmann/.m2/repository/org/apache/wicket/wicket-request/1.5.8/wicket-request-1.5.8.jar
7f0869b48000-7f0869b6c000 r--s 00176000 fc:01 7475881                    /home/mosmann/.m2/repository/org/apache/wicket/wicket-core/1.5.8/wicket-core-1.5.8.jar
7f0869b6c000-7f0869b6d000 r--s 00002000 fc:01 6823524                    /home/mosmann/.m2/repository/org/slf4j/slf4j-log4j12/1.6.2/slf4j-log4j12-1.6.2.jar
7f0869b6d000-7f0869b6f000 r--s 00005000 fc:01 7476359                    /home/mosmann/.m2/repository/org/slf4j/slf4j-api/1.6.1/slf4j-api-1.6.1.jar
7f0869b6f000-7f0869b71000 r--s 0000f000 fc:01 5016710                    /home/mosmann/.m2/repository/com/esotericsoftware/reflectasm/reflectasm/1.07/reflectasm-1.07-shaded.jar
7f0869b71000-7f0869b73000 r--s 00007000 fc:01 5016319                    /home/mosmann/.m2/repository/org/objenesis/objenesis/1.2/objenesis-1.2.jar
7f0869b73000-7f0869b75000 r--s 00000000 fc:01 5016712                    /home/mosmann/.m2/repository/com/esotericsoftware/minlog/minlog/1.2/minlog-1.2.jar
7f0869b75000-7f0869b79000 r--s 00026000 fc:01 5016709                    /home/mosmann/.m2/repository/com/esotericsoftware/kryo/kryo/2.20/kryo-2.20.jar
7f0869b79000-7f0869b7f000 r--s 00034000 fc:01 8126734                    /home/mosmann/.m2/repository/junit/junit/4.8.1/junit-4.8.1.jar
7f0869b7f000-7f0869b99000 r--s 00179000 fc:01 7996010                    /home/mosmann/.m2/repository/org/eclipse/jetty/aggregate/jetty-all-server/7.5.0.v20110901/jetty-all-server-7.5.0.v20110901.jar
7f0869b99000-7f0869b9b000 r--s 0000a000 fc:01 5016711                    /home/mosmann/.m2/repository/org/ow2/asm/asm/4.0/asm-4.0.jar
7f0869b9b000-7f0869ba4000 r--s 00058000 fc:01 7476288                    /home/mosmann/.m2/repository/org/apache/wicket/wicket-util/1.5-SNAPSHOT/wicket-util-1.5-SNAPSHOT.jar
7f0869ba4000-7f0869ba7000 r--s 00013000 fc:01 7476291                    /home/mosmann/.m2/repository/org/apache/wicket/wicket-request/1.5-SNAPSHOT/wicket-request-1.5-SNAPSHOT.jar
7f0869ba7000-7f0869bcb000 r--s 00179000 fc:01 7476285                    /home/mosmann/.m2/repository/org/apache/wicket/wicket-core/1.5-SNAPSHOT/wicket-core-1.5-SNAPSHOT.jar
7f0869bcb000-7f0869bcc000 r--s 00002000 fc:01 6822018                    /home/mosmann/.m2/repository/org/slf4j/slf4j-log4j12/1.6.4/slf4j-log4j12-1.6.4.jar
7f0869bcc000-7f0869bce000 r--s 00005000 fc:01 6823522                    /home/mosmann/.m2/repository/org/slf4j/slf4j-api/1.6.4/slf4j-api-1.6.4.jar
7f0869bce000-7f0869bd7000 r--s 0006d000 fc:01 6823526                    /home/mosmann/.m2/repository/log4j/log4j/1.2.16/log4j-1.2.16.jar
7f0869bd7000-7f0869bda000 r--s 0000c000 fc:01 6827305                    /home/mosmann/.m2/repository/de/javakaffee/kryo-serializers/0.20/kryo-serializers-0.20.jar
7f0869bda000-7f0869be1000 r--s 0003e000 fc:01 5016546                    /home/mosmann/.m2/repository/com/esotericsoftware/kryo/kryo/2.20/kryo-2.20-shaded.jar
7f0869be1000-7f0869be8000 r--s 00037000 fc:01 4990691                    /home/mosmann/.m2/repository/junit/junit/4.10/junit-4.10.jar
7f0869be8000-7f0869c03000 r--s 0017c000 fc:01 7996173                    /home/mosmann/.m2/repository/org/eclipse/jetty/aggregate/jetty-all-server/7.5.4.v20111024/jetty-all-server-7.5.4.v20111024.jar
7f0869c03000-7f0869c05000 r--s 00011000 fc:01 4990692                    /home/mosmann/.m2/repository/org/hamcrest/hamcrest-core/1.1/hamcrest-core-1.1.jar
7f0869c05000-7f0869c06000 r--s 00003000 fc:01 4992326                    /home/mosmann/.m2/repository/org/apache/geronimo/specs/geronimo-jta_1.1_spec/1.1.1/geronimo-jta_1.1_spec-1.1.1.jar
7f0869c06000-7f0869c08000 r--s 00006000 fc:01 4992328                    /home/mosmann/.m2/repository/org/apache/geronimo/specs/geronimo-jaspic_1.0_spec/1.0/geronimo-jaspic_1.0_spec-1.0.jar
7f0869c08000-7f0869c0a000 r--s 00002000 fc:01 4992330                    /home/mosmann/.m2/repository/org/apache/geronimo/specs/geronimo-annotation_1.0_spec/1.1.1/geronimo-annotation_1.0_spec-1.1.1.jar
7f0869c0a000-7f0869c0c000 r--s 00004000 fc:01 6823291                    /home/mosmann/.m2/repository/asm/asm-tree/3.1/asm-tree-3.1.jar
7f0869c0c000-7f0869c0d000 r--s 00007000 fc:01 6823289                    /home/mosmann/.m2/repository/asm/asm-commons/3.1/asm-commons-3.1.jar
7f0869c0d000-7f0869c0e000 r--s 0000a000 fc:01 7476367                    /home/mosmann/.m2/repository/asm/asm/3.1/asm-3.1.jar
7f0869c0e000-7f0869c10000 r--s 00018000 fc:01 6823285                    /home/mosmann/.m2/repository/javax/servlet/servlet-api/2.5/servlet-api-2.5.jar
7f0869c10000-7f0869c17000 r--s 00067000 fc:01 6823287                    /home/mosmann/.m2/repository/javax/mail/mail/1.4.1/mail-1.4.1.jar
7f0869c17000-7f0869c19000 r--s 0000e000 fc:01 6820512                    /home/mosmann/.m2/repository/javax/activation/activation/1.1/activation-1.1.jar
7f0869c19000-7f0869c1c000 ---p 00000000 00:00 0 
7f0869c1c000-7f0869d1a000 rw-p 00000000 00:00 0 
7f0869d1a000-7f0869d1d000 ---p 00000000 00:00 0 
7f0869d1d000-7f0869e1b000 rw-p 00000000 00:00 0 
7f0869e1b000-7f0869e1d000 r--s 00007000 fc:01 5011708                    /home/mosmann/tools/eclipse-jee-indigo-37_64/configuration/org.eclipse.osgi/bundles/784/1/.cp/lib/jetty-rewrite-8.1.2.v20120308.jar
7f0869e1d000-7f0869e24000 r--s 0008a000 fc:01 5011718                    /home/mosmann/tools/eclipse-jee-indigo-37_64/configuration/org.eclipse.osgi/bundles/784/1/.cp/lib/org.apache.jasper.glassfish-2.2.2.v201112011158.jar
7f0869e24000-7f0869e27000 r--s 0001d000 fc:01 5011691                    /home/mosmann/tools/eclipse-jee-indigo-37_64/configuration/org.eclipse.osgi/bundles/784/1/.cp/lib/com.sun.el-2.2.0.v201108011116.jar
7f0869e27000-7f0869e29000 r--s 00004000 fc:01 5011699                    /home/mosmann/tools/eclipse-jee-indigo-37_64/configuration/org.eclipse.osgi/bundles/784/1/.cp/lib/jetty-continuation-8.1.2.v20120308.jar
7f0869e29000-7f0869e2b000 r--s 00008000 fc:01 5011716                    /home/mosmann/tools/eclipse-jee-indigo-37_64/configuration/org.eclipse.osgi/bundles/784/1/.cp/lib/jetty-xml-8.1.2.v20120308.jar
7f0869e2b000-7f0869e2e000 r--s 00013000 fc:01 5011698                    /home/mosmann/tools/eclipse-jee-indigo-37_64/configuration/org.eclipse.osgi/bundles/784/1/.cp/lib/jetty-client-8.1.2.v20120308.jar
7f0869e2e000-7f0869e30000 r--s 00016000 fc:01 5011711                    /home/mosmann/tools/eclipse-jee-indigo-37_64/configuration/org.eclipse.osgi/bundles/784/1/.cp/lib/jetty-servlet-8.1.2.v20120308.jar
7f0869e30000-7f0869e37000 r--s 000fb000 fc:01 16125911                   /usr/lib/jvm/java-6-openjdk-common/jre/lib/resources.jar
7f0869e37000-7f0869e68000 rw-p 00000000 00:00 0 
7f0869e68000-7f0869e7d000 r-xp 00000000 fc:01 16255335                   /usr/lib/jvm/java-6-openjdk-amd64/jre/lib/amd64/libnet.so
7f0869e7d000-7f086a07c000 ---p 00015000 fc:01 16255335                   /usr/lib/jvm/java-6-openjdk-amd64/jre/lib/amd64/libnet.so
7f086a07c000-7f086a07d000 r--p 00014000 fc:01 16255335                   /usr/lib/jvm/java-6-openjdk-amd64/jre/lib/amd64/libnet.so
7f086a07d000-7f086a07e000 rw-p 00015000 fc:01 16255335                   /usr/lib/jvm/java-6-openjdk-amd64/jre/lib/amd64/libnet.so
7f086a07e000-7f086a083000 r--s 0004c000 fc:01 5011710                    /home/mosmann/tools/eclipse-jee-indigo-37_64/configuration/org.eclipse.osgi/bundles/784/1/.cp/lib/jetty-server-8.1.2.v20120308.jar
7f086a083000-7f086a086000 r--s 0001c000 fc:01 5011715                    /home/mosmann/tools/eclipse-jee-indigo-37_64/configuration/org.eclipse.osgi/bundles/784/1/.cp/lib/jetty-websocket-8.1.2.v20120308.jar
7f086a086000-7f086a089000 r--s 00018000 fc:01 5011714                    /home/mosmann/tools/eclipse-jee-indigo-37_64/configuration/org.eclipse.osgi/bundles/784/1/.cp/lib/jetty-webapp-8.1.2.v20120308.jar
7f086a089000-7f086a091000 r--s 00061000 fc:01 5011719                    /home/mosmann/tools/eclipse-jee-indigo-37_64/configuration/org.eclipse.osgi/bundles/784/1/.cp/lib/org.apache.taglibs.standard.glassfish-1.2.0.v201112081803.jar
7f086a091000-7f086a092000 ---p 00000000 00:00 0 
7f086a092000-7f086a192000 rw-p 00000000 00:00 0 
7f086a192000-7f086a195000 ---p 00000000 00:00 0 
7f086a195000-7f086a293000 rw-p 00000000 00:00 0 
7f086a293000-7f086a296000 ---p 00000000 00:00 0 
7f086a296000-7f086a394000 rw-p 00000000 00:00 0 
7f086a394000-7f086a397000 ---p 00000000 00:00 0 
7f086a397000-7f086a495000 rw-p 00000000 00:00 0 
7f086a495000-7f086a498000 ---p 00000000 00:00 0 
7f086a498000-7f086a596000 rw-p 00000000 00:00 0 
7f086a596000-7f086a599000 ---p 00000000 00:00 0 
7f086a599000-7f086a697000 rw-p 00000000 00:00 0 
7f086a697000-7f086a69a000 ---p 00000000 00:00 0 
7f086a69a000-7f086a798000 rw-p 00000000 00:00 0 
7f086a798000-7f086a79c000 r-xp 00000000 fc:01 16253956                   /usr/lib/jvm/java-6-openjdk-amd64/jre/lib/amd64/libdt_socket.so
7f086a79c000-7f086a99b000 ---p 00004000 fc:01 16253956                   /usr/lib/jvm/java-6-openjdk-amd64/jre/lib/amd64/libdt_socket.so
7f086a99b000-7f086a99c000 r--p 00003000 fc:01 16253956                   /usr/lib/jvm/java-6-openjdk-amd64/jre/lib/amd64/libdt_socket.so
7f086a99c000-7f086a99d000 rw-p 00004000 fc:01 16253956                   /usr/lib/jvm/java-6-openjdk-amd64/jre/lib/amd64/libdt_socket.so
7f086a99d000-7f086a9a0000 ---p 00000000 00:00 0 
7f086a9a0000-7f086aa9e000 rw-p 00000000 00:00 0 
7f086aa9e000-7f086aaa1000 ---p 00000000 00:00 0 
7f086aaa1000-7f086ab9f000 rw-p 00000000 00:00 0 
7f086ab9f000-7f086aba2000 ---p 00000000 00:00 0 
7f086aba2000-7f086aca0000 rw-p 00000000 00:00 0 
7f086aca0000-7f086aca1000 ---p 00000000 00:00 0 
7f086aca1000-7f086b0d7000 rw-p 00000000 00:00 0 
7f086b0d7000-7f086b269000 r--s 037c2000 fc:01 16255581                   /usr/lib/jvm/java-6-openjdk-amd64/jre/lib/rt.jar
7f086b269000-7f086b291000 rw-p 00000000 00:00 0 
7f086b291000-7f086b292000 ---p 00000000 00:00 0 
7f086b292000-7f086b392000 rw-p 00000000 00:00 0 
7f086b392000-7f086b393000 ---p 00000000 00:00 0 
7f086b393000-7f086b4bb000 rw-p 00000000 00:00 0 
7f086b4bb000-7f086b712000 rw-p 00000000 00:00 0 
7f086b712000-7f086b71d000 rw-p 00000000 00:00 0 
7f086b71d000-7f086b752000 rw-p 00000000 00:00 0 
7f086b752000-7f086b77a000 rw-p 00000000 00:00 0 
7f086b77a000-7f086b9d0000 rw-p 00000000 00:00 0 
7f086b9d0000-7f086ba19000 rw-p 00000000 00:00 0 
7f086ba19000-7f086bb10000 rw-p 00000000 00:00 0 
7f086bb10000-7f086bb11000 rw-p 00000000 00:00 0 
7f086bb11000-7f086bd81000 rwxp 00000000 00:00 0 
7f086bd81000-7f086eb11000 rw-p 00000000 00:00 0 
7f086eb11000-7f086eb18000 r-xp 00000000 fc:01 16255346                   /usr/lib/jvm/java-6-openjdk-amd64/jre/lib/amd64/libzip.so
7f086eb18000-7f086ed17000 ---p 00007000 fc:01 16255346                   /usr/lib/jvm/java-6-openjdk-amd64/jre/lib/amd64/libzip.so
7f086ed17000-7f086ed18000 r--p 00006000 fc:01 16255346                   /usr/lib/jvm/java-6-openjdk-amd64/jre/lib/amd64/libzip.so
7f086ed18000-7f086ed19000 rw-p 00007000 fc:01 16255346                   /usr/lib/jvm/java-6-openjdk-amd64/jre/lib/amd64/libzip.so
7f086ed19000-7f086ed25000 r-xp 00000000 fc:01 16841678                   /lib/x86_64-linux-gnu/libnss_files-2.15.so
7f086ed25000-7f086ef24000 ---p 0000c000 fc:01 16841678                   /lib/x86_64-linux-gnu/libnss_files-2.15.so
7f086ef24000-7f086ef25000 r--p 0000b000 fc:01 16841678                   /lib/x86_64-linux-gnu/libnss_files-2.15.so
7f086ef25000-7f086ef26000 rw-p 0000c000 fc:01 16841678                   /lib/x86_64-linux-gnu/libnss_files-2.15.so
7f086ef26000-7f086ef30000 r-xp 00000000 fc:01 16841674                   /lib/x86_64-linux-gnu/libnss_nis-2.15.so
7f086ef30000-7f086f130000 ---p 0000a000 fc:01 16841674                   /lib/x86_64-linux-gnu/libnss_nis-2.15.so
7f086f130000-7f086f131000 r--p 0000a000 fc:01 16841674                   /lib/x86_64-linux-gnu/libnss_nis-2.15.so
7f086f131000-7f086f132000 rw-p 0000b000 fc:01 16841674                   /lib/x86_64-linux-gnu/libnss_nis-2.15.so
7f086f132000-7f086f149000 r-xp 00000000 fc:01 16841687                   /lib/x86_64-linux-gnu/libnsl-2.15.so
7f086f149000-7f086f348000 ---p 00017000 fc:01 16841687                   /lib/x86_64-linux-gnu/libnsl-2.15.so
7f086f348000-7f086f349000 r--p 00016000 fc:01 16841687                   /lib/x86_64-linux-gnu/libnsl-2.15.so
7f086f349000-7f086f34a000 rw-p 00017000 fc:01 16841687                   /lib/x86_64-linux-gnu/libnsl-2.15.so
7f086f34a000-7f086f34c000 rw-p 00000000 00:00 0 
7f086f34c000-7f086f354000 r-xp 00000000 fc:01 16841679                   /lib/x86_64-linux-gnu/libnss_compat-2.15.so
7f086f354000-7f086f553000 ---p 00008000 fc:01 16841679                   /lib/x86_64-linux-gnu/libnss_compat-2.15.so
7f086f553000-7f086f554000 r--p 00007000 fc:01 16841679                   /lib/x86_64-linux-gnu/libnss_compat-2.15.so
7f086f554000-7f086f555000 rw-p 00008000 fc:01 16841679                   /lib/x86_64-linux-gnu/libnss_compat-2.15.so
7f086f555000-7f086f992000 r--p 00000000 fc:01 13899763                   /usr/lib/locale/locale-archive
7f086f992000-7f086f995000 r-xp 00000000 fc:01 16255339                   /usr/lib/jvm/java-6-openjdk-amd64/jre/lib/amd64/libnpt.so
7f086f995000-7f086fb94000 ---p 00003000 fc:01 16255339                   /usr/lib/jvm/java-6-openjdk-amd64/jre/lib/amd64/libnpt.so
7f086fb94000-7f086fb95000 r--p 00002000 fc:01 16255339                   /usr/lib/jvm/java-6-openjdk-amd64/jre/lib/amd64/libnpt.so
7f086fb95000-7f086fb96000 rw-p 00003000 fc:01 16255339                   /usr/lib/jvm/java-6-openjdk-amd64/jre/lib/amd64/libnpt.so
7f086fb96000-7f086fbd0000 r-xp 00000000 fc:01 16253958                   /usr/lib/jvm/java-6-openjdk-amd64/jre/lib/amd64/libjdwp.so
7f086fbd0000-7f086fdcf000 ---p 0003a000 fc:01 16253958                   /usr/lib/jvm/java-6-openjdk-amd64/jre/lib/amd64/libjdwp.so
7f086fdcf000-7f086fdd0000 r--p 00039000 fc:01 16253958                   /usr/lib/jvm/java-6-openjdk-amd64/jre/lib/amd64/libjdwp.so
7f086fdd0000-7f086fdd1000 rw-p 0003a000 fc:01 16253958                   /usr/lib/jvm/java-6-openjdk-amd64/jre/lib/amd64/libjdwp.so
7f086fdd1000-7f086fdfd000 r-xp 00000000 fc:01 16253952                   /usr/lib/jvm/java-6-openjdk-amd64/jre/lib/amd64/libjava.so
7f086fdfd000-7f086fffc000 ---p 0002c000 fc:01 16253952                   /usr/lib/jvm/java-6-openjdk-amd64/jre/lib/amd64/libjava.so
7f086fffc000-7f086fffd000 r--p 0002b000 fc:01 16253952                   /usr/lib/jvm/java-6-openjdk-amd64/jre/lib/amd64/libjava.so
7f086fffd000-7f0870000000 rw-p 0002c000 fc:01 16253952                   /usr/lib/jvm/java-6-openjdk-amd64/jre/lib/amd64/libjava.so
7f0870000000-7f0870dda000 rw-p 00000000 00:00 0 
7f0870dda000-7f0874000000 ---p 00000000 00:00 0 
7f0874000000-7f0874002000 r--s 00007000 fc:01 5011705                    /home/mosmann/tools/eclipse-jee-indigo-37_64/configuration/org.eclipse.osgi/bundles/784/1/.cp/lib/jetty-overlay-deployer-8.1.2.v20120308.jar
7f0874002000-7f0874006000 r--s 0007d000 fc:01 16125892                   /usr/lib/jvm/java-6-openjdk-common/jre/lib/jsse.jar
7f0874006000-7f0874007000 r--s 00009000 fc:01 5011721                    /home/mosmann/tools/eclipse-jee-indigo-37_64/configuration/org.eclipse.osgi/bundles/784/1/.cp/lib/run-jetty-run-bootstrap-jetty8.jar
7f0874007000-7f0874009000 r--s 00018000 fc:01 5011694                    /home/mosmann/tools/eclipse-jee-indigo-37_64/configuration/org.eclipse.osgi/bundles/784/1/.cp/lib/javax.servlet.jsp-2.2.0.v201112011158.jar
7f0874009000-7f087400b000 r--s 00008000 fc:01 5011704                    /home/mosmann/tools/eclipse-jee-indigo-37_64/configuration/org.eclipse.osgi/bundles/784/1/.cp/lib/jetty-jndi-8.1.2.v20120308.jar
7f087400b000-7f087400d000 r--s 00007000 fc:01 5011707                    /home/mosmann/tools/eclipse-jee-indigo-37_64/configuration/org.eclipse.osgi/bundles/784/1/.cp/lib/jetty-policy-8.1.2.v20120308.jar
7f087400d000-7f087400f000 r--s 00017000 fc:01 5011702                    /home/mosmann/tools/eclipse-jee-indigo-37_64/configuration/org.eclipse.osgi/bundles/784/1/.cp/lib/jetty-io-8.1.2.v20120308.jar
7f087400f000-7f0874016000 r--s 00081000 fc:01 5011717                    /home/mosmann/tools/eclipse-jee-indigo-37_64/configuration/org.eclipse.osgi/bundles/784/1/.cp/lib/jsp-impl-2.2.2.b05.0.jar
7f0874016000-7f0874018000 r--s 00013000 fc:01 5011706                    /home/mosmann/tools/eclipse-jee-indigo-37_64/configuration/org.eclipse.osgi/bundles/784/1/.cp/lib/jetty-plus-8.1.2.v20120308.jar
7f0874018000-7f087401d000 r--s 00033000 fc:01 5011720                    /home/mosmann/tools/eclipse-jee-indigo-37_64/configuration/org.eclipse.osgi/bundles/784/1/.cp/lib/org.objectweb.asm_3.3.1.v201101071600.jar
7f087401d000-7f0874028000 rw-p 00000000 00:00 0 
7f0874028000-7f087405d000 rw-p 00000000 00:00 0 
7f087405d000-7f087406b000 r-xp 00000000 fc:01 16255338                   /usr/lib/jvm/java-6-openjdk-amd64/jre/lib/amd64/libverify.so
7f087406b000-7f087426a000 ---p 0000e000 fc:01 16255338                   /usr/lib/jvm/java-6-openjdk-amd64/jre/lib/amd64/libverify.so
7f087426a000-7f087426c000 r--p 0000d000 fc:01 16255338                   /usr/lib/jvm/java-6-openjdk-amd64/jre/lib/amd64/libverify.so
7f087426c000-7f087426d000 rw-p 0000f000 fc:01 16255338                   /usr/lib/jvm/java-6-openjdk-amd64/jre/lib/amd64/libverify.so
7f087426d000-7f0874274000 r-xp 00000000 fc:01 16841672                   /lib/x86_64-linux-gnu/librt-2.15.so
7f0874274000-7f0874473000 ---p 00007000 fc:01 16841672                   /lib/x86_64-linux-gnu/librt-2.15.so
7f0874473000-7f0874474000 r--p 00006000 fc:01 16841672                   /lib/x86_64-linux-gnu/librt-2.15.so
7f0874474000-7f0874475000 rw-p 00007000 fc:01 16841672                   /lib/x86_64-linux-gnu/librt-2.15.so
7f0874475000-7f087448a000 r-xp 00000000 fc:01 16777260                   /lib/x86_64-linux-gnu/libgcc_s.so.1
7f087448a000-7f0874689000 ---p 00015000 fc:01 16777260                   /lib/x86_64-linux-gnu/libgcc_s.so.1
7f0874689000-7f087468a000 r--p 00014000 fc:01 16777260                   /lib/x86_64-linux-gnu/libgcc_s.so.1
7f087468a000-7f087468b000 rw-p 00015000 fc:01 16777260                   /lib/x86_64-linux-gnu/libgcc_s.so.1
7f087468b000-7f0874786000 r-xp 00000000 fc:01 16841676                   /lib/x86_64-linux-gnu/libm-2.15.so
7f0874786000-7f0874985000 ---p 000fb000 fc:01 16841676                   /lib/x86_64-linux-gnu/libm-2.15.so
7f0874985000-7f0874986000 r--p 000fa000 fc:01 16841676                   /lib/x86_64-linux-gnu/libm-2.15.so
7f0874986000-7f0874987000 rw-p 000fb000 fc:01 16841676                   /lib/x86_64-linux-gnu/libm-2.15.so
7f0874987000-7f0874a69000 r-xp 00000000 fc:01 13898601                   /usr/lib/x86_64-linux-gnu/libstdc++.so.6.0.16
7f0874a69000-7f0874c68000 ---p 000e2000 fc:01 13898601                   /usr/lib/x86_64-linux-gnu/libstdc++.so.6.0.16
7f0874c68000-7f0874c70000 r--p 000e1000 fc:01 13898601                   /usr/lib/x86_64-linux-gnu/libstdc++.so.6.0.16
7f0874c70000-7f0874c72000 rw-p 000e9000 fc:01 13898601                   /usr/lib/x86_64-linux-gnu/libstdc++.so.6.0.16
7f0874c72000-7f0874c87000 rw-p 00000000 00:00 0 
7f0874c87000-7f087558c000 r-xp 00000000 fc:01 16253947                   /usr/lib/jvm/java-6-openjdk-amd64/jre/lib/amd64/server/libjvm.so
7f087558c000-7f087578c000 ---p 00905000 fc:01 16253947                   /usr/lib/jvm/java-6-openjdk-amd64/jre/lib/amd64/server/libjvm.so
7f087578c000-7f087580c000 r--p 00905000 fc:01 16253947                   /usr/lib/jvm/java-6-openjdk-amd64/jre/lib/amd64/server/libjvm.so
7f087580c000-7f0875827000 rw-p 00985000 fc:01 16253947                   /usr/lib/jvm/java-6-openjdk-amd64/jre/lib/amd64/server/libjvm.so
7f0875827000-7f0875850000 rw-p 00000000 00:00 0 
7f0875850000-7f0875866000 r-xp 00000000 fc:01 16777444                   /lib/x86_64-linux-gnu/libz.so.1.2.3.4
7f0875866000-7f0875a65000 ---p 00016000 fc:01 16777444                   /lib/x86_64-linux-gnu/libz.so.1.2.3.4
7f0875a65000-7f0875a66000 r--p 00015000 fc:01 16777444                   /lib/x86_64-linux-gnu/libz.so.1.2.3.4
7f0875a66000-7f0875a67000 rw-p 00016000 fc:01 16777444                   /lib/x86_64-linux-gnu/libz.so.1.2.3.4
7f0875a67000-7f0875c1c000 r-xp 00000000 fc:01 16838217                   /lib/x86_64-linux-gnu/libc-2.15.so
7f0875c1c000-7f0875e1b000 ---p 001b5000 fc:01 16838217                   /lib/x86_64-linux-gnu/libc-2.15.so
7f0875e1b000-7f0875e1f000 r--p 001b4000 fc:01 16838217                   /lib/x86_64-linux-gnu/libc-2.15.so
7f0875e1f000-7f0875e21000 rw-p 001b8000 fc:01 16838217                   /lib/x86_64-linux-gnu/libc-2.15.so
7f0875e21000-7f0875e26000 rw-p 00000000 00:00 0 
7f0875e26000-7f0875e28000 r-xp 00000000 fc:01 16838216                   /lib/x86_64-linux-gnu/libdl-2.15.so
7f0875e28000-7f0876028000 ---p 00002000 fc:01 16838216                   /lib/x86_64-linux-gnu/libdl-2.15.so
7f0876028000-7f0876029000 r--p 00002000 fc:01 16838216                   /lib/x86_64-linux-gnu/libdl-2.15.so
7f0876029000-7f087602a000 rw-p 00003000 fc:01 16838216                   /lib/x86_64-linux-gnu/libdl-2.15.so
7f087602a000-7f087602e000 r-xp 00000000 fc:01 16253953                   /usr/lib/jvm/java-6-openjdk-amd64/jre/lib/amd64/jli/libjli.so
7f087602e000-7f087622d000 ---p 00004000 fc:01 16253953                   /usr/lib/jvm/java-6-openjdk-amd64/jre/lib/amd64/jli/libjli.so
7f087622d000-7f087622e000 r--p 00003000 fc:01 16253953                   /usr/lib/jvm/java-6-openjdk-amd64/jre/lib/amd64/jli/libjli.so
7f087622e000-7f087622f000 rw-p 00004000 fc:01 16253953                   /usr/lib/jvm/java-6-openjdk-amd64/jre/lib/amd64/jli/libjli.so
7f087622f000-7f0876247000 r-xp 00000000 fc:01 16841670                   /lib/x86_64-linux-gnu/libpthread-2.15.so
7f0876247000-7f0876446000 ---p 00018000 fc:01 16841670                   /lib/x86_64-linux-gnu/libpthread-2.15.so
7f0876446000-7f0876447000 r--p 00017000 fc:01 16841670                   /lib/x86_64-linux-gnu/libpthread-2.15.so
7f0876447000-7f0876448000 rw-p 00018000 fc:01 16841670                   /lib/x86_64-linux-gnu/libpthread-2.15.so
7f0876448000-7f087644c000 rw-p 00000000 00:00 0 
7f087644c000-7f087646e000 r-xp 00000000 fc:01 16841682                   /lib/x86_64-linux-gnu/ld-2.15.so
7f087646f000-7f0876471000 r--s 0000b000 fc:01 5011693                    /home/mosmann/tools/eclipse-jee-indigo-37_64/configuration/org.eclipse.osgi/bundles/784/1/.cp/lib/javax.el-2.2.0.v201108011116.jar
7f0876471000-7f0876473000 r--s 00007000 fc:01 5011696                    /home/mosmann/tools/eclipse-jee-indigo-37_64/configuration/org.eclipse.osgi/bundles/784/1/.cp/lib/jetty-ajp-8.1.2.v20120308.jar
7f0876473000-7f0876475000 r--s 00010000 fc:01 5011712                    /home/mosmann/tools/eclipse-jee-indigo-37_64/configuration/org.eclipse.osgi/bundles/784/1/.cp/lib/jetty-servlets-8.1.2.v20120308.jar
7f0876475000-7f0876477000 r--s 0000d000 fc:01 5011700                    /home/mosmann/tools/eclipse-jee-indigo-37_64/configuration/org.eclipse.osgi/bundles/784/1/.cp/lib/jetty-deploy-8.1.2.v20120308.jar
7f0876477000-7f0876479000 r--s 00005000 fc:01 5011692                    /home/mosmann/tools/eclipse-jee-indigo-37_64/configuration/org.eclipse.osgi/bundles/784/1/.cp/lib/javax.annotation_1.1.0.v201105051105.jar
7f0876479000-7f087647c000 r--s 00013000 fc:01 5011709                    /home/mosmann/tools/eclipse-jee-indigo-37_64/configuration/org.eclipse.osgi/bundles/784/1/.cp/lib/jetty-security-8.1.2.v20120308.jar
7f087647c000-7f087647f000 r--s 00010000 fc:01 5011697                    /home/mosmann/tools/eclipse-jee-indigo-37_64/configuration/org.eclipse.osgi/bundles/784/1/.cp/lib/jetty-annotations-8.1.2.v20120308.jar
7f087647f000-7f0876483000 r--s 00030000 fc:01 5011722                    /home/mosmann/tools/eclipse-jee-indigo-37_64/configuration/org.eclipse.osgi/bundles/784/1/.cp/lib/servlet-api-3.0.jar
7f0876483000-7f0876485000 r--s 00015000 fc:01 5011701                    /home/mosmann/tools/eclipse-jee-indigo-37_64/configuration/org.eclipse.osgi/bundles/784/1/.cp/lib/jetty-http-8.1.2.v20120308.jar
7f0876485000-7f087648a000 r--s 0003d000 fc:01 5011713                    /home/mosmann/tools/eclipse-jee-indigo-37_64/configuration/org.eclipse.osgi/bundles/784/1/.cp/lib/jetty-util-8.1.2.v20120308.jar
7f087648a000-7f0876494000 rw-p 00000000 00:00 0 
7f0876494000-7f087654a000 rw-p 00000000 00:00 0 
7f087654a000-7f087654d000 ---p 00000000 00:00 0 
7f087654d000-7f0876650000 rw-p 00000000 00:00 0 
7f0876650000-7f0876651000 r--s 00005000 fc:01 5011703                    /home/mosmann/tools/eclipse-jee-indigo-37_64/configuration/org.eclipse.osgi/bundles/784/1/.cp/lib/jetty-jmx-8.1.2.v20120308.jar
7f0876651000-7f0876653000 r--s 0000b000 fc:01 5011695                    /home/mosmann/tools/eclipse-jee-indigo-37_64/configuration/org.eclipse.osgi/bundles/784/1/.cp/lib/javax.servlet.jsp.jstl-1.2.0.v201105211821.jar
7f0876653000-7f0876655000 r--s 00001000 fc:01 16125909                   /usr/lib/jvm/java-6-openjdk-common/jre/lib/ext/dnsns.jar
7f0876655000-7f0876659000 r--s 00038000 fc:01 16125908                   /usr/lib/jvm/java-6-openjdk-common/jre/lib/ext/sunpkcs11.jar
7f0876659000-7f087665b000 r--s 0000f000 fc:01 16125907                   /usr/lib/jvm/java-6-openjdk-common/jre/lib/ext/pulse-java.jar
7f087665b000-7f087665e000 r--s 00031000 fc:01 16125906                   /usr/lib/jvm/java-6-openjdk-common/jre/lib/ext/sunjce_provider.jar
7f087665e000-7f087665f000 r--s 00007000 fc:01 15349085                   /usr/share/java/java-atk-wrapper.jar
7f087665f000-7f0876662000 r--s 00077000 fc:01 16125910                   /usr/lib/jvm/java-6-openjdk-common/jre/lib/ext/localedata.jar
7f0876662000-7f087666a000 rw-s 00000000 fc:01 7864353                    /tmp/hsperfdata_mosmann/1943
7f087666a000-7f087666b000 rw-p 00000000 00:00 0 
7f087666b000-7f087666c000 r--p 00000000 00:00 0 
7f087666c000-7f087666e000 rw-p 00000000 00:00 0 
7f087666e000-7f087666f000 r--p 00022000 fc:01 16841682                   /lib/x86_64-linux-gnu/ld-2.15.so
7f087666f000-7f0876671000 rw-p 00023000 fc:01 16841682                   /lib/x86_64-linux-gnu/ld-2.15.so
7fff8bdb4000-7fff8bdd7000 rw-p 00000000 00:00 0                          [stack]
7fff8bdff000-7fff8be00000 r-xp 00000000 00:00 0                          [vdso]
ffffffffff600000-ffffffffff601000 r-xp 00000000 00:00 0                  [vsyscall]

VM Arguments:
jvm_args: -agentlib:jdwp=transport=dt_socket,suspend=y,address=localhost:45162 -Drjrcontext=/ -Drjrwebapp=/home/mosmann/develop/git/wicket-praxis/quickstarts/de.wicketpraxis-quickstarts-15-kryo2/src/main/webapp -Drjrport=8080 -Drjrsslport=8443 -Drjrkeystore=/home/mosmann/.keystore -Drjrkeypassword=changeit -Drjrpassword=changeit -Drjrscanintervalseconds=5 -Drjrenablescanner=false -DrjrignoreScanClassFile=true -Drjrenablessl=false -Drjrneedclientauth=false -Drjrparentloaderpriority=true -DrjrenbaleJNDI=false -XX:MaxPermSize=128m -Drjrclasspath=file:///home/mosmann/develop/workspace-wicket/.metadata/.plugins/runjettyrun/de.wicketpraxis-quickstarts-15-kryo2.classpath -Drjrscanlist=file:///home/mosmann/develop/workspace-wicket/.metadata/.plugins/runjettyrun/de.wicketpraxis-quickstarts-15-kryo2.scanlist -DrjrResourceMapping= -DrjrEclipseListener=51878 -Dfile.encoding=UTF-8 
java_command: runjettyrun.Bootstrap
Launcher Type: SUN_STANDARD

Environment Variables:
PATH=/home/mosmann/tools/maven-current//bin:/home/mosmann/bin:/usr/lib/lightdm/lightdm:/usr/local/sbin:/usr/local/bin:/usr/sbin:/usr/bin:/sbin:/bin:/usr/games:/usr/sbin:/sbin:/home/mosmann/bin
LD_LIBRARY_PATH=/usr/lib/jvm/java-6-openjdk-amd64/jre/lib/amd64/server:/usr/lib/jvm/java-6-openjdk-amd64/jre/lib/amd64:/usr/lib/jvm/java-6-openjdk-amd64/jre/../lib/amd64
SHELL=/bin/bash
DISPLAY=:0

Signal Handlers:
SIGSEGV: [libjvm.so+0x7852e0], sa_mask[0]=0x7ffbfeff, sa_flags=0x10000004
SIGBUS: [libjvm.so+0x7852e0], sa_mask[0]=0x7ffbfeff, sa_flags=0x10000004
SIGFPE: [libjvm.so+0x648d40], sa_mask[0]=0x7ffbfeff, sa_flags=0x10000004
SIGPIPE: [libjvm.so+0x648d40], sa_mask[0]=0x7ffbfeff, sa_flags=0x10000004
SIGXFSZ: [libjvm.so+0x648d40], sa_mask[0]=0x7ffbfeff, sa_flags=0x10000004
SIGILL: [libjvm.so+0x648d40], sa_mask[0]=0x7ffbfeff, sa_flags=0x10000004
SIGUSR1: SIG_DFL, sa_mask[0]=0x00000000, sa_flags=0x00000000
SIGUSR2: [libjvm.so+0x648ef0], sa_mask[0]=0x00000004, sa_flags=0x10000004
SIGHUP: [libjvm.so+0x64ba10], sa_mask[0]=0x7ffbfeff, sa_flags=0x10000004
SIGINT: [libjvm.so+0x64ba10], sa_mask[0]=0x7ffbfeff, sa_flags=0x10000004
SIGTERM: [libjvm.so+0x64ba10], sa_mask[0]=0x7ffbfeff, sa_flags=0x10000004
SIGQUIT: [libjvm.so+0x64ba10], sa_mask[0]=0x7ffbfeff, sa_flags=0x10000004


---------------  S Y S T E M  ---------------

OS:Ubuntu 12.04 (precise)
uname:Linux 3.2.0-32-generic #51-Ubuntu SMP Wed Sep 26 21:33:09 UTC 2012 x86_64
libc:glibc 2.15 NPTL 2.15 
rlimit: STACK 8192k, CORE 0k, NPROC 61083, NOFILE 4096, AS infinity
load average:0,37 0,98 0,65

/proc/meminfo:
MemTotal:        7843260 kB
MemFree:         4013568 kB
Buffers:          283736 kB
Cached:          1095032 kB
SwapCached:        78356 kB
Active:          2707520 kB
Inactive:         739808 kB
Active(anon):    2069796 kB
Inactive(anon):   168252 kB
Active(file):     637724 kB
Inactive(file):   571556 kB
Unevictable:          64 kB
Mlocked:              64 kB
SwapTotal:       8048636 kB
SwapFree:        7948792 kB
Dirty:               264 kB
Writeback:             0 kB
AnonPages:       1990348 kB
Mapped:           172708 kB
Shmem:            169488 kB
Slab:             230264 kB
SReclaimable:     196272 kB
SUnreclaim:        33992 kB
KernelStack:        4104 kB
PageTables:        34548 kB
NFS_Unstable:          0 kB
Bounce:                0 kB
WritebackTmp:          0 kB
CommitLimit:    11970264 kB
Committed_AS:    4357820 kB
VmallocTotal:   34359738367 kB
VmallocUsed:      564680 kB
VmallocChunk:   34359168952 kB
HardwareCorrupted:     0 kB
AnonHugePages:         0 kB
HugePages_Total:       0
HugePages_Free:        0
HugePages_Rsvd:        0
HugePages_Surp:        0
Hugepagesize:       2048 kB
DirectMap4k:       73728 kB
DirectMap2M:     8044544 kB


CPU:total 2 (2 cores per cpu, 1 threads per core) family 6 model 37 stepping 5, cmov, cx8, fxsr, mmx, sse, sse2, sse3, ssse3, popcnt

Memory: 4k page, physical 7843260k(4013568k free), swap 8048636k(7948792k free)

vm_info: OpenJDK 64-Bit Server VM (20.0-b12) for linux-amd64 JRE (1.6.0_24-b24), built on Oct 24 2012 16:17:28 by "buildd" with gcc 4.6.3

time: Sun Nov  4 22:07:39 2012
elapsed time: 44 seconds

