#
# A fatal error has been detected by the Java Runtime Environment:
#
#  Internal Error (constantPoolOop.hpp:299), pid=1307, tid=140112849655552
#  guarantee(tag_at(which).is_klass()) failed: Corrupted constant pool
#
# JRE version: 6.0_24-b24
# Java VM: OpenJDK 64-Bit Server VM (20.0-b12 mixed mode linux-amd64 compressed oops)
# Derivative: IcedTea6 1.11.5
# Distribution: Ubuntu 12.04 LTS, package 6b24-1.11.5-0ubuntu1~12.04.1
# If you would like to submit a bug report, please include
# instructions how to reproduce the bug and visit:
#   https://bugs.launchpad.net/ubuntu/+source/openjdk-6/
#

---------------  T H R E A D  ---------------

Current thread (0x00007f6e944a2800):  JavaThread "qtp1090831733-19" [_thread_in_vm, id=1346, stack(0x00007f6e9091d000,0x00007f6e90a1e000)]

Stack: [0x00007f6e9091d000,0x00007f6e90a1e000],  sp=0x00007f6e90a1a410,  free space=1013k
Native frames: (J=compiled Java code, j=interpreted, Vv=VM code, C=native code)
V  [libjvm.so+0x7846a5]  VMError::report(outputStream*)+0x1255
V  [libjvm.so+0x784929]  VMError::report_and_die()+0x169
V  [libjvm.so+0x3bb5ea]  report_vm_error(char const*, int, char const*, char const*)+0x4a
V  [libjvm.so+0x3b4479]  constantPoolOopDesc::klass_at_impl(constantPoolHandle, int, Thread*)+0x129
V  [libjvm.so+0x4f5cf2]  JVM_GetEnclosingMethodInfo+0x152
j  java.lang.Class.getEnclosingMethod0()[Ljava/lang/Object;+0
j  java.lang.Class.getEnclosingMethodInfo()Ljava/lang/Class$EnclosingMethodInfo;+1
j  java.lang.Class.getEnclosingClass()Ljava/lang/Class;+1
j  java.lang.Class.getSimpleBinaryName()Ljava/lang/String;+1
j  java.lang.Class.getSimpleName()Ljava/lang/String;+34
j  java.lang.Class.isAnonymousClass()Z+3
j  org.wicketstuff.pageserializer.kryo2.inspecting.analyze.report.TreeSizeReport.label(Lorg/wicketstuff/pageserializer/kryo2/inspecting/analyze/ISerializedObjectTree;)Ljava/lang/String;+10
j  org.wicketstuff.pageserializer.kryo2.inspecting.analyze.report.TreeSizeReport.process(Lorg/wicketstuff/pageserializer/kryo2/inspecting/analyze/ISerializedObjectTree;Lorg/wicketstuff/pageserializer/kryo2/inspecting/analyze/reportbuilder/Report;II)V+43
j  org.wicketstuff.pageserializer.kryo2.inspecting.analyze.report.TreeSizeReport.process(Lorg/wicketstuff/pageserializer/kryo2/inspecting/analyze/ISerializedObjectTree;Lorg/wicketstuff/pageserializer/kryo2/inspecting/analyze/reportbuilder/Report;II)V+227
j  org.wicketstuff.pageserializer.kryo2.inspecting.analyze.report.TreeSizeReport.process(Lorg/wicketstuff/pageserializer/kryo2/inspecting/analyze/ISerializedObjectTree;)V+38
j  org.wicketstuff.pageserializer.kryo2.inspecting.analyze.TreeProcessors$1.process(Lorg/wicketstuff/pageserializer/kryo2/inspecting/analyze/ISerializedObjectTree;)V+22
j  org.wicketstuff.pageserializer.kryo2.inspecting.analyze.AbstractTreeTransformingProcessor.process(Lorg/wicketstuff/pageserializer/kryo2/inspecting/analyze/ISerializedObjectTree;)V+9
j  org.wicketstuff.pageserializer.kryo2.inspecting.analyze.AnalyzingSerializationListener.end(Lorg/wicketstuff/pageserializer/kryo2/inspecting/analyze/ObjectTreeTracker;Ljava/lang/Object;Ljava/lang/RuntimeException;)V+13
j  org.wicketstuff.pageserializer.kryo2.inspecting.analyze.AnalyzingSerializationListener.end(Ljava/lang/Object;Ljava/lang/Object;Ljava/lang/RuntimeException;)V+7
j  org.wicketstuff.pageserializer.kryo2.inspecting.listener.ThreadLocalContextSerializationListener.end(Ljava/lang/Object;Ljava/lang/RuntimeException;)V+19
j  org.wicketstuff.pageserializer.kryo2.inspecting.listener.SerializationListeners$1.end(Ljava/lang/Object;Ljava/lang/RuntimeException;)V+25
j  org.wicketstuff.pageserializer.kryo2.inspecting.InspectingKryoSerializer.serialize(Ljava/lang/Object;)[B+51
j  org.apache.wicket.pageStore.DefaultPageStore.serializePage(Ljava/lang/String;Lorg/apache/wicket/page/IManageablePage;)Lorg/apache/wicket/pageStore/DefaultPageStore$SerializedPage;+21
j  org.apache.wicket.pageStore.DefaultPageStore.storePage(Ljava/lang/String;Lorg/apache/wicket/page/IManageablePage;)V+3
j  org.apache.wicket.page.PageStoreManager$PersistentRequestAdapter.storeTouchedPages(Ljava/util/List;)V+60
j  org.apache.wicket.page.RequestAdapter.commitRequest()V+112
j  org.apache.wicket.page.AbstractPageManager.commitRequest()V+4
j  org.apache.wicket.page.PageManagerDecorator.commitRequest()V+4
j  org.apache.wicket.page.PageAccessSynchronizer$2.commitRequest()V+1
j  org.apache.wicket.Application$2.onDetach(Lorg/apache/wicket/request/cycle/RequestCycle;)V+12
j  org.apache.wicket.request.cycle.RequestCycleListenerCollection$3.notify(Lorg/apache/wicket/request/cycle/IRequestCycleListener;)V+5
j  org.apache.wicket.request.cycle.RequestCycleListenerCollection$3.notify(Ljava/lang/Object;)V+5
j  org.apache.wicket.util.listener.ListenerCollection$1.notify(Ljava/lang/Object;)V+5
j  org.apache.wicket.util.listener.ListenerCollection.reversedNotify(Lorg/apache/wicket/util/listener/ListenerCollection$INotifier;)V+30
j  org.apache.wicket.util.listener.ListenerCollection.reversedNotifyIgnoringExceptions(Lorg/apache/wicket/util/listener/ListenerCollection$INotifier;)V+10
j  org.apache.wicket.request.cycle.RequestCycleListenerCollection.onDetach(Lorg/apache/wicket/request/cycle/RequestCycle;)V+10
j  org.apache.wicket.request.cycle.RequestCycle.onDetach()V+58
j  org.apache.wicket.request.cycle.RequestCycle.detach()V+5
j  org.apache.wicket.request.cycle.RequestCycle.processRequestAndDetach()Z+6
j  org.apache.wicket.protocol.http.WicketFilter.processRequest(Ljavax/servlet/ServletRequest;Ljavax/servlet/ServletResponse;Ljavax/servlet/FilterChain;)Z+212
j  org.apache.wicket.protocol.http.WicketFilter.doFilter(Ljavax/servlet/ServletRequest;Ljavax/servlet/ServletResponse;Ljavax/servlet/FilterChain;)V+4
j  org.eclipse.jetty.servlet.ServletHandler$CachedChain.doFilter(Ljavax/servlet/ServletRequest;Ljavax/servlet/ServletResponse;)V+100
j  org.eclipse.jetty.servlet.ServletHandler.doHandle(Ljava/lang/String;Lorg/eclipse/jetty/server/Request;Ljavax/servlet/http/HttpServletRequest;Ljavax/servlet/http/HttpServletResponse;)V+197
j  org.eclipse.jetty.server.handler.ScopedHandler.handle(Ljava/lang/String;Lorg/eclipse/jetty/server/Request;Ljavax/servlet/http/HttpServletRequest;Ljavax/servlet/http/HttpServletResponse;)V+25
j  org.eclipse.jetty.security.SecurityHandler.handle(Ljava/lang/String;Lorg/eclipse/jetty/server/Request;Ljavax/servlet/http/HttpServletRequest;Ljavax/servlet/http/HttpServletResponse;)V+570
j  org.eclipse.jetty.server.session.SessionHandler.doHandle(Ljava/lang/String;Lorg/eclipse/jetty/server/Request;Ljavax/servlet/http/HttpServletRequest;Ljavax/servlet/http/HttpServletResponse;)V+68
j  org.eclipse.jetty.server.handler.ContextHandler.doHandle(Ljava/lang/String;Lorg/eclipse/jetty/server/Request;Ljavax/servlet/http/HttpServletRequest;Ljavax/servlet/http/HttpServletResponse;)V+206
j  org.eclipse.jetty.servlet.ServletHandler.doScope(Ljava/lang/String;Lorg/eclipse/jetty/server/Request;Ljavax/servlet/http/HttpServletRequest;Ljavax/servlet/http/HttpServletResponse;)V+277
j  org.eclipse.jetty.server.session.SessionHandler.doScope(Ljava/lang/String;Lorg/eclipse/jetty/server/Request;Ljavax/servlet/http/HttpServletRequest;Ljavax/servlet/http/HttpServletResponse;)V+233
j  org.eclipse.jetty.server.handler.ContextHandler.doScope(Ljava/lang/String;Lorg/eclipse/jetty/server/Request;Ljavax/servlet/http/HttpServletRequest;Ljavax/servlet/http/HttpServletResponse;)V+416
j  org.eclipse.jetty.server.handler.ScopedHandler.handle(Ljava/lang/String;Lorg/eclipse/jetty/server/Request;Ljavax/servlet/http/HttpServletRequest;Ljavax/servlet/http/HttpServletResponse;)V+13
j  org.eclipse.jetty.server.handler.HandlerWrapper.handle(Ljava/lang/String;Lorg/eclipse/jetty/server/Request;Ljavax/servlet/http/HttpServletRequest;Ljavax/servlet/http/HttpServletResponse;)V+23
j  org.eclipse.jetty.server.Server.handle(Lorg/eclipse/jetty/server/AbstractHttpConnection;)V+134
j  org.eclipse.jetty.server.AbstractHttpConnection.handleRequest()V+228
j  org.eclipse.jetty.server.AbstractHttpConnection.headerComplete()V+448
j  org.eclipse.jetty.server.AbstractHttpConnection$RequestHandler.headerComplete()V+4
j  org.eclipse.jetty.http.HttpParser.parseNext()I+2158
j  org.eclipse.jetty.http.HttpParser.parseAvailable()Z+1
j  org.eclipse.jetty.server.AsyncHttpConnection.handle()Lorg/eclipse/jetty/io/Connection;+80
j  org.eclipse.jetty.io.nio.SelectChannelEndPoint.handle()V+10
j  org.eclipse.jetty.io.nio.SelectChannelEndPoint$1.run()V+4
j  org.eclipse.jetty.util.thread.QueuedThreadPool.runJob(Ljava/lang/Runnable;)V+1
j  org.eclipse.jetty.util.thread.QueuedThreadPool$3.run()V+47
j  java.lang.Thread.run()V+11
v  ~StubRoutines::call_stub
V  [libjvm.so+0x4b029f]  JavaCalls::call_helper(JavaValue*, methodHandle*, JavaCallArguments*, Thread*)+0x29f
V  [libjvm.so+0x4af6d5]  JavaCalls::call(JavaValue*, methodHandle, JavaCallArguments*, Thread*)+0x25
V  [libjvm.so+0x4afbd3]  JavaCalls::call_virtual(JavaValue*, KlassHandle, symbolHandle, symbolHandle, JavaCallArguments*, Thread*)+0x1a3
V  [libjvm.so+0x4afcff]  JavaCalls::call_virtual(JavaValue*, Handle, KlassHandle, symbolHandle, symbolHandle, Thread*)+0x4f
V  [libjvm.so+0x4e58f6]  thread_entry(JavaThread*, Thread*)+0x86
V  [libjvm.so+0x74d098]  JavaThread::thread_main_inner()+0x58
V  [libjvm.so+0x64c3b2]  java_start(Thread*)+0x112

Java frames: (J=compiled Java code, j=interpreted, Vv=VM code)
j  java.lang.Class.getEnclosingMethod0()[Ljava/lang/Object;+0
j  java.lang.Class.getEnclosingMethodInfo()Ljava/lang/Class$EnclosingMethodInfo;+1
j  java.lang.Class.getEnclosingClass()Ljava/lang/Class;+1
j  java.lang.Class.getSimpleBinaryName()Ljava/lang/String;+1
j  java.lang.Class.getSimpleName()Ljava/lang/String;+34
j  java.lang.Class.isAnonymousClass()Z+3
j  org.wicketstuff.pageserializer.kryo2.inspecting.analyze.report.TreeSizeReport.label(Lorg/wicketstuff/pageserializer/kryo2/inspecting/analyze/ISerializedObjectTree;)Ljava/lang/String;+10
j  org.wicketstuff.pageserializer.kryo2.inspecting.analyze.report.TreeSizeReport.process(Lorg/wicketstuff/pageserializer/kryo2/inspecting/analyze/ISerializedObjectTree;Lorg/wicketstuff/pageserializer/kryo2/inspecting/analyze/reportbuilder/Report;II)V+43
j  org.wicketstuff.pageserializer.kryo2.inspecting.analyze.report.TreeSizeReport.process(Lorg/wicketstuff/pageserializer/kryo2/inspecting/analyze/ISerializedObjectTree;Lorg/wicketstuff/pageserializer/kryo2/inspecting/analyze/reportbuilder/Report;II)V+227
j  org.wicketstuff.pageserializer.kryo2.inspecting.analyze.report.TreeSizeReport.process(Lorg/wicketstuff/pageserializer/kryo2/inspecting/analyze/ISerializedObjectTree;)V+38
j  org.wicketstuff.pageserializer.kryo2.inspecting.analyze.TreeProcessors$1.process(Lorg/wicketstuff/pageserializer/kryo2/inspecting/analyze/ISerializedObjectTree;)V+22
j  org.wicketstuff.pageserializer.kryo2.inspecting.analyze.AbstractTreeTransformingProcessor.process(Lorg/wicketstuff/pageserializer/kryo2/inspecting/analyze/ISerializedObjectTree;)V+9
j  org.wicketstuff.pageserializer.kryo2.inspecting.analyze.AnalyzingSerializationListener.end(Lorg/wicketstuff/pageserializer/kryo2/inspecting/analyze/ObjectTreeTracker;Ljava/lang/Object;Ljava/lang/RuntimeException;)V+13
j  org.wicketstuff.pageserializer.kryo2.inspecting.analyze.AnalyzingSerializationListener.end(Ljava/lang/Object;Ljava/lang/Object;Ljava/lang/RuntimeException;)V+7
j  org.wicketstuff.pageserializer.kryo2.inspecting.listener.ThreadLocalContextSerializationListener.end(Ljava/lang/Object;Ljava/lang/RuntimeException;)V+19
j  org.wicketstuff.pageserializer.kryo2.inspecting.listener.SerializationListeners$1.end(Ljava/lang/Object;Ljava/lang/RuntimeException;)V+25
j  org.wicketstuff.pageserializer.kryo2.inspecting.InspectingKryoSerializer.serialize(Ljava/lang/Object;)[B+51
j  org.apache.wicket.pageStore.DefaultPageStore.serializePage(Ljava/lang/String;Lorg/apache/wicket/page/IManageablePage;)Lorg/apache/wicket/pageStore/DefaultPageStore$SerializedPage;+21
j  org.apache.wicket.pageStore.DefaultPageStore.storePage(Ljava/lang/String;Lorg/apache/wicket/page/IManageablePage;)V+3
j  org.apache.wicket.page.PageStoreManager$PersistentRequestAdapter.storeTouchedPages(Ljava/util/List;)V+60
j  org.apache.wicket.page.RequestAdapter.commitRequest()V+112
j  org.apache.wicket.page.AbstractPageManager.commitRequest()V+4
j  org.apache.wicket.page.PageManagerDecorator.commitRequest()V+4
j  org.apache.wicket.page.PageAccessSynchronizer$2.commitRequest()V+1
j  org.apache.wicket.Application$2.onDetach(Lorg/apache/wicket/request/cycle/RequestCycle;)V+12
j  org.apache.wicket.request.cycle.RequestCycleListenerCollection$3.notify(Lorg/apache/wicket/request/cycle/IRequestCycleListener;)V+5
j  org.apache.wicket.request.cycle.RequestCycleListenerCollection$3.notify(Ljava/lang/Object;)V+5
j  org.apache.wicket.util.listener.ListenerCollection$1.notify(Ljava/lang/Object;)V+5
j  org.apache.wicket.util.listener.ListenerCollection.reversedNotify(Lorg/apache/wicket/util/listener/ListenerCollection$INotifier;)V+30
j  org.apache.wicket.util.listener.ListenerCollection.reversedNotifyIgnoringExceptions(Lorg/apache/wicket/util/listener/ListenerCollection$INotifier;)V+10
j  org.apache.wicket.request.cycle.RequestCycleListenerCollection.onDetach(Lorg/apache/wicket/request/cycle/RequestCycle;)V+10
j  org.apache.wicket.request.cycle.RequestCycle.onDetach()V+58
j  org.apache.wicket.request.cycle.RequestCycle.detach()V+5
j  org.apache.wicket.request.cycle.RequestCycle.processRequestAndDetach()Z+6
j  org.apache.wicket.protocol.http.WicketFilter.processRequest(Ljavax/servlet/ServletRequest;Ljavax/servlet/ServletResponse;Ljavax/servlet/FilterChain;)Z+212
j  org.apache.wicket.protocol.http.WicketFilter.doFilter(Ljavax/servlet/ServletRequest;Ljavax/servlet/ServletResponse;Ljavax/servlet/FilterChain;)V+4
j  org.eclipse.jetty.servlet.ServletHandler$CachedChain.doFilter(Ljavax/servlet/ServletRequest;Ljavax/servlet/ServletResponse;)V+100
j  org.eclipse.jetty.servlet.ServletHandler.doHandle(Ljava/lang/String;Lorg/eclipse/jetty/server/Request;Ljavax/servlet/http/HttpServletRequest;Ljavax/servlet/http/HttpServletResponse;)V+197
j  org.eclipse.jetty.server.handler.ScopedHandler.handle(Ljava/lang/String;Lorg/eclipse/jetty/server/Request;Ljavax/servlet/http/HttpServletRequest;Ljavax/servlet/http/HttpServletResponse;)V+25
j  org.eclipse.jetty.security.SecurityHandler.handle(Ljava/lang/String;Lorg/eclipse/jetty/server/Request;Ljavax/servlet/http/HttpServletRequest;Ljavax/servlet/http/HttpServletResponse;)V+570
j  org.eclipse.jetty.server.session.SessionHandler.doHandle(Ljava/lang/String;Lorg/eclipse/jetty/server/Request;Ljavax/servlet/http/HttpServletRequest;Ljavax/servlet/http/HttpServletResponse;)V+68
j  org.eclipse.jetty.server.handler.ContextHandler.doHandle(Ljava/lang/String;Lorg/eclipse/jetty/server/Request;Ljavax/servlet/http/HttpServletRequest;Ljavax/servlet/http/HttpServletResponse;)V+206
j  org.eclipse.jetty.servlet.ServletHandler.doScope(Ljava/lang/String;Lorg/eclipse/jetty/server/Request;Ljavax/servlet/http/HttpServletRequest;Ljavax/servlet/http/HttpServletResponse;)V+277
j  org.eclipse.jetty.server.session.SessionHandler.doScope(Ljava/lang/String;Lorg/eclipse/jetty/server/Request;Ljavax/servlet/http/HttpServletRequest;Ljavax/servlet/http/HttpServletResponse;)V+233
j  org.eclipse.jetty.server.handler.ContextHandler.doScope(Ljava/lang/String;Lorg/eclipse/jetty/server/Request;Ljavax/servlet/http/HttpServletRequest;Ljavax/servlet/http/HttpServletResponse;)V+416
j  org.eclipse.jetty.server.handler.ScopedHandler.handle(Ljava/lang/String;Lorg/eclipse/jetty/server/Request;Ljavax/servlet/http/HttpServletRequest;Ljavax/servlet/http/HttpServletResponse;)V+13
j  org.eclipse.jetty.server.handler.HandlerWrapper.handle(Ljava/lang/String;Lorg/eclipse/jetty/server/Request;Ljavax/servlet/http/HttpServletRequest;Ljavax/servlet/http/HttpServletResponse;)V+23
j  org.eclipse.jetty.server.Server.handle(Lorg/eclipse/jetty/server/AbstractHttpConnection;)V+134
j  org.eclipse.jetty.server.AbstractHttpConnection.handleRequest()V+228
j  org.eclipse.jetty.server.AbstractHttpConnection.headerComplete()V+448
j  org.eclipse.jetty.server.AbstractHttpConnection$RequestHandler.headerComplete()V+4
j  org.eclipse.jetty.http.HttpParser.parseNext()I+2158
j  org.eclipse.jetty.http.HttpParser.parseAvailable()Z+1
j  org.eclipse.jetty.server.AsyncHttpConnection.handle()Lorg/eclipse/jetty/io/Connection;+80
j  org.eclipse.jetty.io.nio.SelectChannelEndPoint.handle()V+10
j  org.eclipse.jetty.io.nio.SelectChannelEndPoint$1.run()V+4
j  org.eclipse.jetty.util.thread.QueuedThreadPool.runJob(Ljava/lang/Runnable;)V+1
j  org.eclipse.jetty.util.thread.QueuedThreadPool$3.run()V+47
j  java.lang.Thread.run()V+11
v  ~StubRoutines::call_stub

---------------  P R O C E S S  ---------------

Java Threads: ( => current thread )
  0x00007f6e74013000 JavaThread "ModificationWatcher Task" daemon [_thread_blocked, id=1698, stack(0x00007f6e90310000,0x00007f6e90411000)]
  0x00007f6e94518800 JavaThread "qtp1090831733-22" [_thread_blocked, id=1351, stack(0x00007f6e9061a000,0x00007f6e9071b000)]
  0x00007f6e942c3800 JavaThread "qtp1090831733-21" [_thread_blocked, id=1349, stack(0x00007f6e9071b000,0x00007f6e9081c000)]
  0x00007f6e94451000 JavaThread "qtp1090831733-20" [_thread_blocked, id=1347, stack(0x00007f6e9081c000,0x00007f6e9091d000)]
=>0x00007f6e944a2800 JavaThread "qtp1090831733-19" [_thread_in_vm, id=1346, stack(0x00007f6e9091d000,0x00007f6e90a1e000)]
  0x00007f6e948a5800 JavaThread "qtp1090831733-18" [_thread_blocked, id=1345, stack(0x00007f6e90a1e000,0x00007f6e90b1f000)]
  0x00007f6e9465e000 JavaThread "qtp1090831733-17" [_thread_blocked, id=1344, stack(0x00007f6e90b1f000,0x00007f6e90c20000)]
  0x00007f6e9435a800 JavaThread "qtp1090831733-16 Acceptor0 SelectChannelConnector@0.0.0.0:8080" [_thread_in_native, id=1343, stack(0x00007f6e90c20000,0x00007f6e90d21000)]
  0x00007f6e9444e000 JavaThread "qtp1090831733-15 Selector0" [_thread_in_native, id=1342, stack(0x00007f6e90d21000,0x00007f6e90e22000)]
  0x00007f6e94409000 JavaThread "HashSessionScavenger-0" daemon [_thread_blocked, id=1341, stack(0x00007f6e90e22000,0x00007f6e90f23000)]
  0x00007f6e941cf000 JavaThread "Thread-1" [_thread_in_native, id=1336, stack(0x00007f6e9803e000,0x00007f6e9813f000)]
  0x00007f6e941c1000 JavaThread "Thread-0" [_thread_blocked, id=1335, stack(0x00007f6e9813f000,0x00007f6e98240000)]
  0x00007f6e940af000 JavaThread "Low Memory Detector" daemon [_thread_blocked, id=1333, stack(0x00007f6e985d4000,0x00007f6e986d5000)]
  0x00007f6e940ad000 JavaThread "C2 CompilerThread1" daemon [_thread_blocked, id=1332, stack(0x00007f6e986d5000,0x00007f6e987d6000)]
  0x00007f6e940aa000 JavaThread "C2 CompilerThread0" daemon [_thread_blocked, id=1329, stack(0x00007f6e987d6000,0x00007f6e988d7000)]
  0x00007f6e78001000 JavaThread "JDWP Command Reader" daemon [_thread_in_native, id=1327, stack(0x00007f6e988d7000,0x00007f6e989d8000)]
  0x00007f6e940a7800 JavaThread "JDWP Event Helper Thread" daemon [_thread_blocked, id=1326, stack(0x00007f6e989d8000,0x00007f6e98ad9000)]
  0x00007f6e940a4000 JavaThread "JDWP Transport Listener: dt_socket" daemon [_thread_blocked, id=1323, stack(0x00007f6e98ad9000,0x00007f6e98bda000)]
  0x00007f6e94098000 JavaThread "Signal Dispatcher" daemon [_thread_blocked, id=1321, stack(0x00007f6e98ddf000,0x00007f6e98ee0000)]
  0x00007f6e9407a000 JavaThread "Finalizer" daemon [_thread_blocked, id=1320, stack(0x00007f6e98ee0000,0x00007f6e98fe1000)]
  0x00007f6e94078000 JavaThread "Reference Handler" daemon [_thread_blocked, id=1319, stack(0x00007f6e98fe1000,0x00007f6e990e2000)]
  0x00007f6e9400d800 JavaThread "main" [_thread_blocked, id=1315, stack(0x00007f6e9d96f000,0x00007f6e9da70000)]

Other Threads:
  0x00007f6e94071000 VMThread [stack: 0x00007f6e990e2000,0x00007f6e991e3000] [id=1318]
  0x00007f6e940b1800 WatcherThread [stack: 0x00007f6e984d3000,0x00007f6e985d4000] [id=1334]

VM state:not at safepoint (normal execution)

VM Mutex/Monitor currently owned by a thread: None

Heap
 PSYoungGen      total 66496K, used 61524K [0x00000000d8160000, 0x00000000e1060000, 0x0000000100000000)
  eden space 61440K, 96% used [0x00000000d8160000,0x00000000dbb1c668,0x00000000dbd60000)
  from space 5056K, 47% used [0x00000000dbd60000,0x00000000dbfb8be8,0x00000000dc250000)
  to   space 11776K, 0% used [0x00000000e04e0000,0x00000000e04e0000,0x00000000e1060000)
 PSOldGen        total 112512K, used 99990K [0x0000000088400000, 0x000000008f1e0000, 0x00000000d8160000)
  object space 112512K, 88% used [0x0000000088400000,0x000000008e5a59a0,0x000000008f1e0000)
 PSPermGen       total 21248K, used 18739K [0x0000000080400000, 0x00000000818c0000, 0x0000000088400000)
  object space 21248K, 88% used [0x0000000080400000,0x000000008164cf80,0x00000000818c0000)

Code Cache  [0x00007f6e91000000, 0x00007f6e91270000, 0x00007f6e94000000)
 total_blobs=603 nmethods=341 adapters=224 free_code_cache=48826112 largest_free_block=32640

Dynamic libraries:
00400000-00409000 r-xp 00000000 fc:01 16125934                           /usr/lib/jvm/java-6-openjdk-amd64/jre/bin/java
00608000-00609000 r--p 00008000 fc:01 16125934                           /usr/lib/jvm/java-6-openjdk-amd64/jre/bin/java
00609000-0060a000 rw-p 00009000 fc:01 16125934                           /usr/lib/jvm/java-6-openjdk-amd64/jre/bin/java
00f07000-00f28000 rw-p 00000000 00:00 0                                  [heap]
80400000-818c0000 rw-p 00000000 00:00 0 
818c0000-88400000 rw-p 00000000 00:00 0 
88400000-8f1e0000 rw-p 00000000 00:00 0 
8f1e0000-d8160000 rw-p 00000000 00:00 0 
d8160000-e1060000 rw-p 00000000 00:00 0 
e1060000-100000000 rw-p 00000000 00:00 0 
7f6e54000000-7f6e54026000 rw-p 00000000 00:00 0 
7f6e54026000-7f6e58000000 ---p 00000000 00:00 0 
7f6e5b0fe000-7f6e5c000000 rw-p 00000000 00:00 0 
7f6e5c000000-7f6e5c021000 rw-p 00000000 00:00 0 
7f6e5c021000-7f6e60000000 ---p 00000000 00:00 0 
7f6e60000000-7f6e60021000 rw-p 00000000 00:00 0 
7f6e60021000-7f6e64000000 ---p 00000000 00:00 0 
7f6e64000000-7f6e65687000 rw-p 00000000 00:00 0 
7f6e65687000-7f6e68000000 ---p 00000000 00:00 0 
7f6e68000000-7f6e69743000 rw-p 00000000 00:00 0 
7f6e69743000-7f6e6c000000 ---p 00000000 00:00 0 
7f6e6c000000-7f6e6c021000 rw-p 00000000 00:00 0 
7f6e6c021000-7f6e70000000 ---p 00000000 00:00 0 
7f6e70000000-7f6e701fd000 rw-p 00000000 00:00 0 
7f6e701fd000-7f6e74000000 ---p 00000000 00:00 0 
7f6e74000000-7f6e74120000 rw-p 00000000 00:00 0 
7f6e74120000-7f6e78000000 ---p 00000000 00:00 0 
7f6e78000000-7f6e7804f000 rw-p 00000000 00:00 0 
7f6e7804f000-7f6e7c000000 ---p 00000000 00:00 0 
7f6e7c000000-7f6e7c021000 rw-p 00000000 00:00 0 
7f6e7c021000-7f6e80000000 ---p 00000000 00:00 0 
7f6e80000000-7f6e80021000 rw-p 00000000 00:00 0 
7f6e80021000-7f6e84000000 ---p 00000000 00:00 0 
7f6e84000000-7f6e84021000 rw-p 00000000 00:00 0 
7f6e84021000-7f6e88000000 ---p 00000000 00:00 0 
7f6e88000000-7f6e88021000 rw-p 00000000 00:00 0 
7f6e88021000-7f6e8c000000 ---p 00000000 00:00 0 
7f6e8c000000-7f6e8c021000 rw-p 00000000 00:00 0 
7f6e8c021000-7f6e90000000 ---p 00000000 00:00 0 
7f6e9020f000-7f6e90212000 ---p 00000000 00:00 0 
7f6e90212000-7f6e90310000 rw-p 00000000 00:00 0 
7f6e90310000-7f6e90313000 ---p 00000000 00:00 0 
7f6e90313000-7f6e90411000 rw-p 00000000 00:00 0 
7f6e90411000-7f6e90419000 r-xp 00000000 fc:01 16255334                   /usr/lib/jvm/java-6-openjdk-amd64/jre/lib/amd64/libnio.so
7f6e90419000-7f6e90618000 ---p 00008000 fc:01 16255334                   /usr/lib/jvm/java-6-openjdk-amd64/jre/lib/amd64/libnio.so
7f6e90618000-7f6e90619000 r--p 00007000 fc:01 16255334                   /usr/lib/jvm/java-6-openjdk-amd64/jre/lib/amd64/libnio.so
7f6e90619000-7f6e9061a000 rw-p 00008000 fc:01 16255334                   /usr/lib/jvm/java-6-openjdk-amd64/jre/lib/amd64/libnio.so
7f6e9061a000-7f6e9061d000 ---p 00000000 00:00 0 
7f6e9061d000-7f6e9071b000 rw-p 00000000 00:00 0 
7f6e9071b000-7f6e9071e000 ---p 00000000 00:00 0 
7f6e9071e000-7f6e9081c000 rw-p 00000000 00:00 0 
7f6e9081c000-7f6e9081f000 ---p 00000000 00:00 0 
7f6e9081f000-7f6e9091d000 rw-p 00000000 00:00 0 
7f6e9091d000-7f6e90920000 ---p 00000000 00:00 0 
7f6e90920000-7f6e90a1e000 rw-p 00000000 00:00 0 
7f6e90a1e000-7f6e90a21000 ---p 00000000 00:00 0 
7f6e90a21000-7f6e90b1f000 rw-p 00000000 00:00 0 
7f6e90b1f000-7f6e90b22000 ---p 00000000 00:00 0 
7f6e90b22000-7f6e90c20000 rw-p 00000000 00:00 0 
7f6e90c20000-7f6e90c23000 ---p 00000000 00:00 0 
7f6e90c23000-7f6e90d21000 rw-p 00000000 00:00 0 
7f6e90d21000-7f6e90d24000 ---p 00000000 00:00 0 
7f6e90d24000-7f6e90e22000 rw-p 00000000 00:00 0 
7f6e90e22000-7f6e90e25000 ---p 00000000 00:00 0 
7f6e90e25000-7f6e90f23000 rw-p 00000000 00:00 0 
7f6e90f23000-7f6e90f2c000 r--s 00058000 fc:01 7475882                    /home/mosmann/.m2/repository/org/apache/wicket/wicket-util/1.5.8/wicket-util-1.5.8.jar
7f6e90f2c000-7f6e90f2f000 r--s 00013000 fc:01 7475883                    /home/mosmann/.m2/repository/org/apache/wicket/wicket-request/1.5.8/wicket-request-1.5.8.jar
7f6e90f2f000-7f6e90f53000 r--s 00176000 fc:01 7475881                    /home/mosmann/.m2/repository/org/apache/wicket/wicket-core/1.5.8/wicket-core-1.5.8.jar
7f6e90f53000-7f6e90f54000 r--s 00002000 fc:01 6823524                    /home/mosmann/.m2/repository/org/slf4j/slf4j-log4j12/1.6.2/slf4j-log4j12-1.6.2.jar
7f6e90f54000-7f6e90f56000 r--s 00005000 fc:01 7476359                    /home/mosmann/.m2/repository/org/slf4j/slf4j-api/1.6.1/slf4j-api-1.6.1.jar
7f6e90f56000-7f6e90f58000 r--s 0000f000 fc:01 5016710                    /home/mosmann/.m2/repository/com/esotericsoftware/reflectasm/reflectasm/1.07/reflectasm-1.07-shaded.jar
7f6e90f58000-7f6e90f5a000 r--s 00007000 fc:01 5016319                    /home/mosmann/.m2/repository/org/objenesis/objenesis/1.2/objenesis-1.2.jar
7f6e90f5a000-7f6e90f5c000 r--s 00000000 fc:01 5016712                    /home/mosmann/.m2/repository/com/esotericsoftware/minlog/minlog/1.2/minlog-1.2.jar
7f6e90f5c000-7f6e90f60000 r--s 00026000 fc:01 5016709                    /home/mosmann/.m2/repository/com/esotericsoftware/kryo/kryo/2.20/kryo-2.20.jar
7f6e90f60000-7f6e90f66000 r--s 00034000 fc:01 8126734                    /home/mosmann/.m2/repository/junit/junit/4.8.1/junit-4.8.1.jar
7f6e90f66000-7f6e90f80000 r--s 00179000 fc:01 7996010                    /home/mosmann/.m2/repository/org/eclipse/jetty/aggregate/jetty-all-server/7.5.0.v20110901/jetty-all-server-7.5.0.v20110901.jar
7f6e90f80000-7f6e90f82000 r--s 0000a000 fc:01 5016711                    /home/mosmann/.m2/repository/org/ow2/asm/asm/4.0/asm-4.0.jar
7f6e90f82000-7f6e90f8b000 r--s 00058000 fc:01 7476288                    /home/mosmann/.m2/repository/org/apache/wicket/wicket-util/1.5-SNAPSHOT/wicket-util-1.5-SNAPSHOT.jar
7f6e90f8b000-7f6e90f8e000 r--s 00013000 fc:01 7476291                    /home/mosmann/.m2/repository/org/apache/wicket/wicket-request/1.5-SNAPSHOT/wicket-request-1.5-SNAPSHOT.jar
7f6e90f8e000-7f6e90fb2000 r--s 00179000 fc:01 7476285                    /home/mosmann/.m2/repository/org/apache/wicket/wicket-core/1.5-SNAPSHOT/wicket-core-1.5-SNAPSHOT.jar
7f6e90fb2000-7f6e90fb3000 r--s 00002000 fc:01 6822018                    /home/mosmann/.m2/repository/org/slf4j/slf4j-log4j12/1.6.4/slf4j-log4j12-1.6.4.jar
7f6e90fb3000-7f6e90fb5000 r--s 00005000 fc:01 6823522                    /home/mosmann/.m2/repository/org/slf4j/slf4j-api/1.6.4/slf4j-api-1.6.4.jar
7f6e90fb5000-7f6e90fbe000 r--s 0006d000 fc:01 6823526                    /home/mosmann/.m2/repository/log4j/log4j/1.2.16/log4j-1.2.16.jar
7f6e90fbe000-7f6e90fc1000 r--s 0000c000 fc:01 6827305                    /home/mosmann/.m2/repository/de/javakaffee/kryo-serializers/0.20/kryo-serializers-0.20.jar
7f6e90fc1000-7f6e90fc8000 r--s 0003e000 fc:01 5016546                    /home/mosmann/.m2/repository/com/esotericsoftware/kryo/kryo/2.20/kryo-2.20-shaded.jar
7f6e90fc8000-7f6e90fcf000 r--s 00037000 fc:01 4990691                    /home/mosmann/.m2/repository/junit/junit/4.10/junit-4.10.jar
7f6e90fcf000-7f6e90fea000 r--s 0017c000 fc:01 7996173                    /home/mosmann/.m2/repository/org/eclipse/jetty/aggregate/jetty-all-server/7.5.4.v20111024/jetty-all-server-7.5.4.v20111024.jar
7f6e90fea000-7f6e90fec000 r--s 00011000 fc:01 4990692                    /home/mosmann/.m2/repository/org/hamcrest/hamcrest-core/1.1/hamcrest-core-1.1.jar
7f6e90fec000-7f6e90fed000 r--s 00003000 fc:01 4992326                    /home/mosmann/.m2/repository/org/apache/geronimo/specs/geronimo-jta_1.1_spec/1.1.1/geronimo-jta_1.1_spec-1.1.1.jar
7f6e90fed000-7f6e90fef000 r--s 00006000 fc:01 4992328                    /home/mosmann/.m2/repository/org/apache/geronimo/specs/geronimo-jaspic_1.0_spec/1.0/geronimo-jaspic_1.0_spec-1.0.jar
7f6e90fef000-7f6e90ff1000 r--s 00002000 fc:01 4992330                    /home/mosmann/.m2/repository/org/apache/geronimo/specs/geronimo-annotation_1.0_spec/1.1.1/geronimo-annotation_1.0_spec-1.1.1.jar
7f6e90ff1000-7f6e90ff3000 r--s 00004000 fc:01 6823291                    /home/mosmann/.m2/repository/asm/asm-tree/3.1/asm-tree-3.1.jar
7f6e90ff3000-7f6e90ff4000 r--s 00007000 fc:01 6823289                    /home/mosmann/.m2/repository/asm/asm-commons/3.1/asm-commons-3.1.jar
7f6e90ff4000-7f6e90ff5000 r--s 0000a000 fc:01 7476367                    /home/mosmann/.m2/repository/asm/asm/3.1/asm-3.1.jar
7f6e90ff5000-7f6e90ff7000 r--s 00018000 fc:01 6823285                    /home/mosmann/.m2/repository/javax/servlet/servlet-api/2.5/servlet-api-2.5.jar
7f6e90ff7000-7f6e90ffe000 r--s 00067000 fc:01 6823287                    /home/mosmann/.m2/repository/javax/mail/mail/1.4.1/mail-1.4.1.jar
7f6e90ffe000-7f6e91000000 r--s 0000e000 fc:01 6820512                    /home/mosmann/.m2/repository/javax/activation/activation/1.1/activation-1.1.jar
7f6e91000000-7f6e91270000 rwxp 00000000 00:00 0 
7f6e91270000-7f6e94e12000 rw-p 00000000 00:00 0 
7f6e94e12000-7f6e98000000 ---p 00000000 00:00 0 
7f6e9803e000-7f6e98041000 ---p 00000000 00:00 0 
7f6e98041000-7f6e9813f000 rw-p 00000000 00:00 0 
7f6e9813f000-7f6e98142000 ---p 00000000 00:00 0 
7f6e98142000-7f6e98240000 rw-p 00000000 00:00 0 
7f6e98240000-7f6e98242000 r--s 00007000 fc:01 5011708                    /home/mosmann/tools/eclipse-jee-indigo-37_64/configuration/org.eclipse.osgi/bundles/784/1/.cp/lib/jetty-rewrite-8.1.2.v20120308.jar
7f6e98242000-7f6e98249000 r--s 0008a000 fc:01 5011718                    /home/mosmann/tools/eclipse-jee-indigo-37_64/configuration/org.eclipse.osgi/bundles/784/1/.cp/lib/org.apache.jasper.glassfish-2.2.2.v201112011158.jar
7f6e98249000-7f6e9824c000 r--s 0001d000 fc:01 5011691                    /home/mosmann/tools/eclipse-jee-indigo-37_64/configuration/org.eclipse.osgi/bundles/784/1/.cp/lib/com.sun.el-2.2.0.v201108011116.jar
7f6e9824c000-7f6e9824e000 r--s 00004000 fc:01 5011699                    /home/mosmann/tools/eclipse-jee-indigo-37_64/configuration/org.eclipse.osgi/bundles/784/1/.cp/lib/jetty-continuation-8.1.2.v20120308.jar
7f6e9824e000-7f6e98250000 r--s 00008000 fc:01 5011716                    /home/mosmann/tools/eclipse-jee-indigo-37_64/configuration/org.eclipse.osgi/bundles/784/1/.cp/lib/jetty-xml-8.1.2.v20120308.jar
7f6e98250000-7f6e98253000 r--s 00013000 fc:01 5011698                    /home/mosmann/tools/eclipse-jee-indigo-37_64/configuration/org.eclipse.osgi/bundles/784/1/.cp/lib/jetty-client-8.1.2.v20120308.jar
7f6e98253000-7f6e98255000 r--s 00016000 fc:01 5011711                    /home/mosmann/tools/eclipse-jee-indigo-37_64/configuration/org.eclipse.osgi/bundles/784/1/.cp/lib/jetty-servlet-8.1.2.v20120308.jar
7f6e98255000-7f6e9825c000 r--s 000fb000 fc:01 16125911                   /usr/lib/jvm/java-6-openjdk-common/jre/lib/resources.jar
7f6e9825c000-7f6e9828d000 rw-p 00000000 00:00 0 
7f6e9828d000-7f6e982a2000 r-xp 00000000 fc:01 16255335                   /usr/lib/jvm/java-6-openjdk-amd64/jre/lib/amd64/libnet.so
7f6e982a2000-7f6e984a1000 ---p 00015000 fc:01 16255335                   /usr/lib/jvm/java-6-openjdk-amd64/jre/lib/amd64/libnet.so
7f6e984a1000-7f6e984a2000 r--p 00014000 fc:01 16255335                   /usr/lib/jvm/java-6-openjdk-amd64/jre/lib/amd64/libnet.so
7f6e984a2000-7f6e984a3000 rw-p 00015000 fc:01 16255335                   /usr/lib/jvm/java-6-openjdk-amd64/jre/lib/amd64/libnet.so
7f6e984a3000-7f6e984a8000 r--s 0004c000 fc:01 5011710                    /home/mosmann/tools/eclipse-jee-indigo-37_64/configuration/org.eclipse.osgi/bundles/784/1/.cp/lib/jetty-server-8.1.2.v20120308.jar
7f6e984a8000-7f6e984ab000 r--s 0001c000 fc:01 5011715                    /home/mosmann/tools/eclipse-jee-indigo-37_64/configuration/org.eclipse.osgi/bundles/784/1/.cp/lib/jetty-websocket-8.1.2.v20120308.jar
7f6e984ab000-7f6e984ae000 r--s 00018000 fc:01 5011714                    /home/mosmann/tools/eclipse-jee-indigo-37_64/configuration/org.eclipse.osgi/bundles/784/1/.cp/lib/jetty-webapp-8.1.2.v20120308.jar
7f6e984ae000-7f6e984b0000 r--s 00007000 fc:01 5011705                    /home/mosmann/tools/eclipse-jee-indigo-37_64/configuration/org.eclipse.osgi/bundles/784/1/.cp/lib/jetty-overlay-deployer-8.1.2.v20120308.jar
7f6e984b0000-7f6e984b8000 r--s 00061000 fc:01 5011719                    /home/mosmann/tools/eclipse-jee-indigo-37_64/configuration/org.eclipse.osgi/bundles/784/1/.cp/lib/org.apache.taglibs.standard.glassfish-1.2.0.v201112081803.jar
7f6e984b8000-7f6e984bc000 r--s 0007d000 fc:01 16125892                   /usr/lib/jvm/java-6-openjdk-common/jre/lib/jsse.jar
7f6e984bc000-7f6e984bd000 r--s 00009000 fc:01 5011721                    /home/mosmann/tools/eclipse-jee-indigo-37_64/configuration/org.eclipse.osgi/bundles/784/1/.cp/lib/run-jetty-run-bootstrap-jetty8.jar
7f6e984bd000-7f6e984bf000 r--s 00018000 fc:01 5011694                    /home/mosmann/tools/eclipse-jee-indigo-37_64/configuration/org.eclipse.osgi/bundles/784/1/.cp/lib/javax.servlet.jsp-2.2.0.v201112011158.jar
7f6e984bf000-7f6e984c1000 r--s 00008000 fc:01 5011704                    /home/mosmann/tools/eclipse-jee-indigo-37_64/configuration/org.eclipse.osgi/bundles/784/1/.cp/lib/jetty-jndi-8.1.2.v20120308.jar
7f6e984c1000-7f6e984c3000 r--s 00007000 fc:01 5011707                    /home/mosmann/tools/eclipse-jee-indigo-37_64/configuration/org.eclipse.osgi/bundles/784/1/.cp/lib/jetty-policy-8.1.2.v20120308.jar
7f6e984c3000-7f6e984c5000 r--s 00017000 fc:01 5011702                    /home/mosmann/tools/eclipse-jee-indigo-37_64/configuration/org.eclipse.osgi/bundles/784/1/.cp/lib/jetty-io-8.1.2.v20120308.jar
7f6e984c5000-7f6e984cc000 r--s 00081000 fc:01 5011717                    /home/mosmann/tools/eclipse-jee-indigo-37_64/configuration/org.eclipse.osgi/bundles/784/1/.cp/lib/jsp-impl-2.2.2.b05.0.jar
7f6e984cc000-7f6e984ce000 r--s 00013000 fc:01 5011706                    /home/mosmann/tools/eclipse-jee-indigo-37_64/configuration/org.eclipse.osgi/bundles/784/1/.cp/lib/jetty-plus-8.1.2.v20120308.jar
7f6e984ce000-7f6e984d3000 r--s 00033000 fc:01 5011720                    /home/mosmann/tools/eclipse-jee-indigo-37_64/configuration/org.eclipse.osgi/bundles/784/1/.cp/lib/org.objectweb.asm_3.3.1.v201101071600.jar
7f6e984d3000-7f6e984d4000 ---p 00000000 00:00 0 
7f6e984d4000-7f6e985d4000 rw-p 00000000 00:00 0 
7f6e985d4000-7f6e985d7000 ---p 00000000 00:00 0 
7f6e985d7000-7f6e986d5000 rw-p 00000000 00:00 0 
7f6e986d5000-7f6e986d8000 ---p 00000000 00:00 0 
7f6e986d8000-7f6e987d6000 rw-p 00000000 00:00 0 
7f6e987d6000-7f6e987d9000 ---p 00000000 00:00 0 
7f6e987d9000-7f6e988d7000 rw-p 00000000 00:00 0 
7f6e988d7000-7f6e988da000 ---p 00000000 00:00 0 
7f6e988da000-7f6e989d8000 rw-p 00000000 00:00 0 
7f6e989d8000-7f6e989db000 ---p 00000000 00:00 0 
7f6e989db000-7f6e98ad9000 rw-p 00000000 00:00 0 
7f6e98ad9000-7f6e98adc000 ---p 00000000 00:00 0 
7f6e98adc000-7f6e98bda000 rw-p 00000000 00:00 0 
7f6e98bda000-7f6e98bde000 r-xp 00000000 fc:01 16253956                   /usr/lib/jvm/java-6-openjdk-amd64/jre/lib/amd64/libdt_socket.so
7f6e98bde000-7f6e98ddd000 ---p 00004000 fc:01 16253956                   /usr/lib/jvm/java-6-openjdk-amd64/jre/lib/amd64/libdt_socket.so
7f6e98ddd000-7f6e98dde000 r--p 00003000 fc:01 16253956                   /usr/lib/jvm/java-6-openjdk-amd64/jre/lib/amd64/libdt_socket.so
7f6e98dde000-7f6e98ddf000 rw-p 00004000 fc:01 16253956                   /usr/lib/jvm/java-6-openjdk-amd64/jre/lib/amd64/libdt_socket.so
7f6e98ddf000-7f6e98de2000 ---p 00000000 00:00 0 
7f6e98de2000-7f6e98ee0000 rw-p 00000000 00:00 0 
7f6e98ee0000-7f6e98ee3000 ---p 00000000 00:00 0 
7f6e98ee3000-7f6e98fe1000 rw-p 00000000 00:00 0 
7f6e98fe1000-7f6e98fe4000 ---p 00000000 00:00 0 
7f6e98fe4000-7f6e990e2000 rw-p 00000000 00:00 0 
7f6e990e2000-7f6e990e3000 ---p 00000000 00:00 0 
7f6e990e3000-7f6e99519000 rw-p 00000000 00:00 0 
7f6e99519000-7f6e996ab000 r--s 037c2000 fc:01 16255581                   /usr/lib/jvm/java-6-openjdk-amd64/jre/lib/rt.jar
7f6e996ab000-7f6e996d3000 rw-p 00000000 00:00 0 
7f6e996d3000-7f6e996d4000 ---p 00000000 00:00 0 
7f6e996d4000-7f6e997d4000 rw-p 00000000 00:00 0 
7f6e997d4000-7f6e997d5000 ---p 00000000 00:00 0 
7f6e997d5000-7f6e998e0000 rw-p 00000000 00:00 0 
7f6e998e0000-7f6e99915000 rw-p 00000000 00:00 0 
7f6e99915000-7f6e9994c000 rw-p 00000000 00:00 0 
7f6e9994c000-7f6e99b94000 rw-p 00000000 00:00 0 
7f6e99b94000-7f6e99b9f000 rw-p 00000000 00:00 0 
7f6e99b9f000-7f6e99bd4000 rw-p 00000000 00:00 0 
7f6e99bd4000-7f6e99c0b000 rw-p 00000000 00:00 0 
7f6e99c0b000-7f6e99e52000 rw-p 00000000 00:00 0 
7f6e99e52000-7f6e99e9b000 rw-p 00000000 00:00 0 
7f6e99e9b000-7f6e99f92000 rw-p 00000000 00:00 0 
7f6e99f92000-7f6e99f93000 rw-p 00000000 00:00 0 
7f6e99f93000-7f6e99f9a000 r-xp 00000000 fc:01 16255346                   /usr/lib/jvm/java-6-openjdk-amd64/jre/lib/amd64/libzip.so
7f6e99f9a000-7f6e9a199000 ---p 00007000 fc:01 16255346                   /usr/lib/jvm/java-6-openjdk-amd64/jre/lib/amd64/libzip.so
7f6e9a199000-7f6e9a19a000 r--p 00006000 fc:01 16255346                   /usr/lib/jvm/java-6-openjdk-amd64/jre/lib/amd64/libzip.so
7f6e9a19a000-7f6e9a19b000 rw-p 00007000 fc:01 16255346                   /usr/lib/jvm/java-6-openjdk-amd64/jre/lib/amd64/libzip.so
7f6e9a19b000-7f6e9a1a7000 r-xp 00000000 fc:01 16841678                   /lib/x86_64-linux-gnu/libnss_files-2.15.so
7f6e9a1a7000-7f6e9a3a6000 ---p 0000c000 fc:01 16841678                   /lib/x86_64-linux-gnu/libnss_files-2.15.so
7f6e9a3a6000-7f6e9a3a7000 r--p 0000b000 fc:01 16841678                   /lib/x86_64-linux-gnu/libnss_files-2.15.so
7f6e9a3a7000-7f6e9a3a8000 rw-p 0000c000 fc:01 16841678                   /lib/x86_64-linux-gnu/libnss_files-2.15.so
7f6e9a3a8000-7f6e9a3b2000 r-xp 00000000 fc:01 16841674                   /lib/x86_64-linux-gnu/libnss_nis-2.15.so
7f6e9a3b2000-7f6e9a5b2000 ---p 0000a000 fc:01 16841674                   /lib/x86_64-linux-gnu/libnss_nis-2.15.so
7f6e9a5b2000-7f6e9a5b3000 r--p 0000a000 fc:01 16841674                   /lib/x86_64-linux-gnu/libnss_nis-2.15.so
7f6e9a5b3000-7f6e9a5b4000 rw-p 0000b000 fc:01 16841674                   /lib/x86_64-linux-gnu/libnss_nis-2.15.so
7f6e9a5b4000-7f6e9a5cb000 r-xp 00000000 fc:01 16841687                   /lib/x86_64-linux-gnu/libnsl-2.15.so
7f6e9a5cb000-7f6e9a7ca000 ---p 00017000 fc:01 16841687                   /lib/x86_64-linux-gnu/libnsl-2.15.so
7f6e9a7ca000-7f6e9a7cb000 r--p 00016000 fc:01 16841687                   /lib/x86_64-linux-gnu/libnsl-2.15.so
7f6e9a7cb000-7f6e9a7cc000 rw-p 00017000 fc:01 16841687                   /lib/x86_64-linux-gnu/libnsl-2.15.so
7f6e9a7cc000-7f6e9a7ce000 rw-p 00000000 00:00 0 
7f6e9a7ce000-7f6e9a7d6000 r-xp 00000000 fc:01 16841679                   /lib/x86_64-linux-gnu/libnss_compat-2.15.so
7f6e9a7d6000-7f6e9a9d5000 ---p 00008000 fc:01 16841679                   /lib/x86_64-linux-gnu/libnss_compat-2.15.so
7f6e9a9d5000-7f6e9a9d6000 r--p 00007000 fc:01 16841679                   /lib/x86_64-linux-gnu/libnss_compat-2.15.so
7f6e9a9d6000-7f6e9a9d7000 rw-p 00008000 fc:01 16841679                   /lib/x86_64-linux-gnu/libnss_compat-2.15.so
7f6e9a9d7000-7f6e9ae14000 r--p 00000000 fc:01 13899763                   /usr/lib/locale/locale-archive
7f6e9ae14000-7f6e9ae17000 r-xp 00000000 fc:01 16255339                   /usr/lib/jvm/java-6-openjdk-amd64/jre/lib/amd64/libnpt.so
7f6e9ae17000-7f6e9b016000 ---p 00003000 fc:01 16255339                   /usr/lib/jvm/java-6-openjdk-amd64/jre/lib/amd64/libnpt.so
7f6e9b016000-7f6e9b017000 r--p 00002000 fc:01 16255339                   /usr/lib/jvm/java-6-openjdk-amd64/jre/lib/amd64/libnpt.so
7f6e9b017000-7f6e9b018000 rw-p 00003000 fc:01 16255339                   /usr/lib/jvm/java-6-openjdk-amd64/jre/lib/amd64/libnpt.so
7f6e9b018000-7f6e9b052000 r-xp 00000000 fc:01 16253958                   /usr/lib/jvm/java-6-openjdk-amd64/jre/lib/amd64/libjdwp.so
7f6e9b052000-7f6e9b251000 ---p 0003a000 fc:01 16253958                   /usr/lib/jvm/java-6-openjdk-amd64/jre/lib/amd64/libjdwp.so
7f6e9b251000-7f6e9b252000 r--p 00039000 fc:01 16253958                   /usr/lib/jvm/java-6-openjdk-amd64/jre/lib/amd64/libjdwp.so
7f6e9b252000-7f6e9b253000 rw-p 0003a000 fc:01 16253958                   /usr/lib/jvm/java-6-openjdk-amd64/jre/lib/amd64/libjdwp.so
7f6e9b253000-7f6e9b27f000 r-xp 00000000 fc:01 16253952                   /usr/lib/jvm/java-6-openjdk-amd64/jre/lib/amd64/libjava.so
7f6e9b27f000-7f6e9b47e000 ---p 0002c000 fc:01 16253952                   /usr/lib/jvm/java-6-openjdk-amd64/jre/lib/amd64/libjava.so
7f6e9b47e000-7f6e9b47f000 r--p 0002b000 fc:01 16253952                   /usr/lib/jvm/java-6-openjdk-amd64/jre/lib/amd64/libjava.so
7f6e9b47f000-7f6e9b482000 rw-p 0002c000 fc:01 16253952                   /usr/lib/jvm/java-6-openjdk-amd64/jre/lib/amd64/libjava.so
7f6e9b482000-7f6e9b490000 r-xp 00000000 fc:01 16255338                   /usr/lib/jvm/java-6-openjdk-amd64/jre/lib/amd64/libverify.so
7f6e9b490000-7f6e9b68f000 ---p 0000e000 fc:01 16255338                   /usr/lib/jvm/java-6-openjdk-amd64/jre/lib/amd64/libverify.so
7f6e9b68f000-7f6e9b691000 r--p 0000d000 fc:01 16255338                   /usr/lib/jvm/java-6-openjdk-amd64/jre/lib/amd64/libverify.so
7f6e9b691000-7f6e9b692000 rw-p 0000f000 fc:01 16255338                   /usr/lib/jvm/java-6-openjdk-amd64/jre/lib/amd64/libverify.so
7f6e9b692000-7f6e9b699000 r-xp 00000000 fc:01 16841672                   /lib/x86_64-linux-gnu/librt-2.15.so
7f6e9b699000-7f6e9b898000 ---p 00007000 fc:01 16841672                   /lib/x86_64-linux-gnu/librt-2.15.so
7f6e9b898000-7f6e9b899000 r--p 00006000 fc:01 16841672                   /lib/x86_64-linux-gnu/librt-2.15.so
7f6e9b899000-7f6e9b89a000 rw-p 00007000 fc:01 16841672                   /lib/x86_64-linux-gnu/librt-2.15.so
7f6e9b89a000-7f6e9b8af000 r-xp 00000000 fc:01 16777260                   /lib/x86_64-linux-gnu/libgcc_s.so.1
7f6e9b8af000-7f6e9baae000 ---p 00015000 fc:01 16777260                   /lib/x86_64-linux-gnu/libgcc_s.so.1
7f6e9baae000-7f6e9baaf000 r--p 00014000 fc:01 16777260                   /lib/x86_64-linux-gnu/libgcc_s.so.1
7f6e9baaf000-7f6e9bab0000 rw-p 00015000 fc:01 16777260                   /lib/x86_64-linux-gnu/libgcc_s.so.1
7f6e9bab0000-7f6e9bbab000 r-xp 00000000 fc:01 16841676                   /lib/x86_64-linux-gnu/libm-2.15.so
7f6e9bbab000-7f6e9bdaa000 ---p 000fb000 fc:01 16841676                   /lib/x86_64-linux-gnu/libm-2.15.so
7f6e9bdaa000-7f6e9bdab000 r--p 000fa000 fc:01 16841676                   /lib/x86_64-linux-gnu/libm-2.15.so
7f6e9bdab000-7f6e9bdac000 rw-p 000fb000 fc:01 16841676                   /lib/x86_64-linux-gnu/libm-2.15.so
7f6e9bdac000-7f6e9be8e000 r-xp 00000000 fc:01 13898601                   /usr/lib/x86_64-linux-gnu/libstdc++.so.6.0.16
7f6e9be8e000-7f6e9c08d000 ---p 000e2000 fc:01 13898601                   /usr/lib/x86_64-linux-gnu/libstdc++.so.6.0.16
7f6e9c08d000-7f6e9c095000 r--p 000e1000 fc:01 13898601                   /usr/lib/x86_64-linux-gnu/libstdc++.so.6.0.16
7f6e9c095000-7f6e9c097000 rw-p 000e9000 fc:01 13898601                   /usr/lib/x86_64-linux-gnu/libstdc++.so.6.0.16
7f6e9c097000-7f6e9c0ac000 rw-p 00000000 00:00 0 
7f6e9c0ac000-7f6e9c9b1000 r-xp 00000000 fc:01 16253947                   /usr/lib/jvm/java-6-openjdk-amd64/jre/lib/amd64/server/libjvm.so
7f6e9c9b1000-7f6e9cbb1000 ---p 00905000 fc:01 16253947                   /usr/lib/jvm/java-6-openjdk-amd64/jre/lib/amd64/server/libjvm.so
7f6e9cbb1000-7f6e9cc31000 r--p 00905000 fc:01 16253947                   /usr/lib/jvm/java-6-openjdk-amd64/jre/lib/amd64/server/libjvm.so
7f6e9cc31000-7f6e9cc4c000 rw-p 00985000 fc:01 16253947                   /usr/lib/jvm/java-6-openjdk-amd64/jre/lib/amd64/server/libjvm.so
7f6e9cc4c000-7f6e9cc75000 rw-p 00000000 00:00 0 
7f6e9cc75000-7f6e9cc8b000 r-xp 00000000 fc:01 16777444                   /lib/x86_64-linux-gnu/libz.so.1.2.3.4
7f6e9cc8b000-7f6e9ce8a000 ---p 00016000 fc:01 16777444                   /lib/x86_64-linux-gnu/libz.so.1.2.3.4
7f6e9ce8a000-7f6e9ce8b000 r--p 00015000 fc:01 16777444                   /lib/x86_64-linux-gnu/libz.so.1.2.3.4
7f6e9ce8b000-7f6e9ce8c000 rw-p 00016000 fc:01 16777444                   /lib/x86_64-linux-gnu/libz.so.1.2.3.4
7f6e9ce8c000-7f6e9d041000 r-xp 00000000 fc:01 16838217                   /lib/x86_64-linux-gnu/libc-2.15.so
7f6e9d041000-7f6e9d240000 ---p 001b5000 fc:01 16838217                   /lib/x86_64-linux-gnu/libc-2.15.so
7f6e9d240000-7f6e9d244000 r--p 001b4000 fc:01 16838217                   /lib/x86_64-linux-gnu/libc-2.15.so
7f6e9d244000-7f6e9d246000 rw-p 001b8000 fc:01 16838217                   /lib/x86_64-linux-gnu/libc-2.15.so
7f6e9d246000-7f6e9d24b000 rw-p 00000000 00:00 0 
7f6e9d24b000-7f6e9d24d000 r-xp 00000000 fc:01 16838216                   /lib/x86_64-linux-gnu/libdl-2.15.so
7f6e9d24d000-7f6e9d44d000 ---p 00002000 fc:01 16838216                   /lib/x86_64-linux-gnu/libdl-2.15.so
7f6e9d44d000-7f6e9d44e000 r--p 00002000 fc:01 16838216                   /lib/x86_64-linux-gnu/libdl-2.15.so
7f6e9d44e000-7f6e9d44f000 rw-p 00003000 fc:01 16838216                   /lib/x86_64-linux-gnu/libdl-2.15.so
7f6e9d44f000-7f6e9d453000 r-xp 00000000 fc:01 16253953                   /usr/lib/jvm/java-6-openjdk-amd64/jre/lib/amd64/jli/libjli.so
7f6e9d453000-7f6e9d652000 ---p 00004000 fc:01 16253953                   /usr/lib/jvm/java-6-openjdk-amd64/jre/lib/amd64/jli/libjli.so
7f6e9d652000-7f6e9d653000 r--p 00003000 fc:01 16253953                   /usr/lib/jvm/java-6-openjdk-amd64/jre/lib/amd64/jli/libjli.so
7f6e9d653000-7f6e9d654000 rw-p 00004000 fc:01 16253953                   /usr/lib/jvm/java-6-openjdk-amd64/jre/lib/amd64/jli/libjli.so
7f6e9d654000-7f6e9d66c000 r-xp 00000000 fc:01 16841670                   /lib/x86_64-linux-gnu/libpthread-2.15.so
7f6e9d66c000-7f6e9d86b000 ---p 00018000 fc:01 16841670                   /lib/x86_64-linux-gnu/libpthread-2.15.so
7f6e9d86b000-7f6e9d86c000 r--p 00017000 fc:01 16841670                   /lib/x86_64-linux-gnu/libpthread-2.15.so
7f6e9d86c000-7f6e9d86d000 rw-p 00018000 fc:01 16841670                   /lib/x86_64-linux-gnu/libpthread-2.15.so
7f6e9d86d000-7f6e9d871000 rw-p 00000000 00:00 0 
7f6e9d871000-7f6e9d893000 r-xp 00000000 fc:01 16841682                   /lib/x86_64-linux-gnu/ld-2.15.so
7f6e9d894000-7f6e9d896000 r--s 0000b000 fc:01 5011693                    /home/mosmann/tools/eclipse-jee-indigo-37_64/configuration/org.eclipse.osgi/bundles/784/1/.cp/lib/javax.el-2.2.0.v201108011116.jar
7f6e9d896000-7f6e9d898000 r--s 00007000 fc:01 5011696                    /home/mosmann/tools/eclipse-jee-indigo-37_64/configuration/org.eclipse.osgi/bundles/784/1/.cp/lib/jetty-ajp-8.1.2.v20120308.jar
7f6e9d898000-7f6e9d89a000 r--s 00010000 fc:01 5011712                    /home/mosmann/tools/eclipse-jee-indigo-37_64/configuration/org.eclipse.osgi/bundles/784/1/.cp/lib/jetty-servlets-8.1.2.v20120308.jar
7f6e9d89a000-7f6e9d89c000 r--s 0000d000 fc:01 5011700                    /home/mosmann/tools/eclipse-jee-indigo-37_64/configuration/org.eclipse.osgi/bundles/784/1/.cp/lib/jetty-deploy-8.1.2.v20120308.jar
7f6e9d89c000-7f6e9d89e000 r--s 00005000 fc:01 5011692                    /home/mosmann/tools/eclipse-jee-indigo-37_64/configuration/org.eclipse.osgi/bundles/784/1/.cp/lib/javax.annotation_1.1.0.v201105051105.jar
7f6e9d89e000-7f6e9d8a1000 r--s 00013000 fc:01 5011709                    /home/mosmann/tools/eclipse-jee-indigo-37_64/configuration/org.eclipse.osgi/bundles/784/1/.cp/lib/jetty-security-8.1.2.v20120308.jar
7f6e9d8a1000-7f6e9d8a4000 r--s 00010000 fc:01 5011697                    /home/mosmann/tools/eclipse-jee-indigo-37_64/configuration/org.eclipse.osgi/bundles/784/1/.cp/lib/jetty-annotations-8.1.2.v20120308.jar
7f6e9d8a4000-7f6e9d8a8000 r--s 00030000 fc:01 5011722                    /home/mosmann/tools/eclipse-jee-indigo-37_64/configuration/org.eclipse.osgi/bundles/784/1/.cp/lib/servlet-api-3.0.jar
7f6e9d8a8000-7f6e9d8aa000 r--s 00015000 fc:01 5011701                    /home/mosmann/tools/eclipse-jee-indigo-37_64/configuration/org.eclipse.osgi/bundles/784/1/.cp/lib/jetty-http-8.1.2.v20120308.jar
7f6e9d8aa000-7f6e9d8af000 r--s 0003d000 fc:01 5011713                    /home/mosmann/tools/eclipse-jee-indigo-37_64/configuration/org.eclipse.osgi/bundles/784/1/.cp/lib/jetty-util-8.1.2.v20120308.jar
7f6e9d8af000-7f6e9d8b9000 rw-p 00000000 00:00 0 
7f6e9d8b9000-7f6e9d96f000 rw-p 00000000 00:00 0 
7f6e9d96f000-7f6e9d972000 ---p 00000000 00:00 0 
7f6e9d972000-7f6e9da75000 rw-p 00000000 00:00 0 
7f6e9da75000-7f6e9da76000 r--s 00005000 fc:01 5011703                    /home/mosmann/tools/eclipse-jee-indigo-37_64/configuration/org.eclipse.osgi/bundles/784/1/.cp/lib/jetty-jmx-8.1.2.v20120308.jar
7f6e9da76000-7f6e9da78000 r--s 0000b000 fc:01 5011695                    /home/mosmann/tools/eclipse-jee-indigo-37_64/configuration/org.eclipse.osgi/bundles/784/1/.cp/lib/javax.servlet.jsp.jstl-1.2.0.v201105211821.jar
7f6e9da78000-7f6e9da7a000 r--s 00001000 fc:01 16125909                   /usr/lib/jvm/java-6-openjdk-common/jre/lib/ext/dnsns.jar
7f6e9da7a000-7f6e9da7e000 r--s 00038000 fc:01 16125908                   /usr/lib/jvm/java-6-openjdk-common/jre/lib/ext/sunpkcs11.jar
7f6e9da7e000-7f6e9da80000 r--s 0000f000 fc:01 16125907                   /usr/lib/jvm/java-6-openjdk-common/jre/lib/ext/pulse-java.jar
7f6e9da80000-7f6e9da83000 r--s 00031000 fc:01 16125906                   /usr/lib/jvm/java-6-openjdk-common/jre/lib/ext/sunjce_provider.jar
7f6e9da83000-7f6e9da84000 r--s 00007000 fc:01 15349085                   /usr/share/java/java-atk-wrapper.jar
7f6e9da84000-7f6e9da87000 r--s 00077000 fc:01 16125910                   /usr/lib/jvm/java-6-openjdk-common/jre/lib/ext/localedata.jar
7f6e9da87000-7f6e9da8f000 rw-s 00000000 fc:01 7864353                    /tmp/hsperfdata_mosmann/1307
7f6e9da8f000-7f6e9da90000 rw-p 00000000 00:00 0 
7f6e9da90000-7f6e9da91000 r--p 00000000 00:00 0 
7f6e9da91000-7f6e9da93000 rw-p 00000000 00:00 0 
7f6e9da93000-7f6e9da94000 r--p 00022000 fc:01 16841682                   /lib/x86_64-linux-gnu/ld-2.15.so
7f6e9da94000-7f6e9da96000 rw-p 00023000 fc:01 16841682                   /lib/x86_64-linux-gnu/ld-2.15.so
7fff5da6e000-7fff5da91000 rw-p 00000000 00:00 0                          [stack]
7fff5dbd8000-7fff5dbd9000 r-xp 00000000 00:00 0                          [vdso]
ffffffffff600000-ffffffffff601000 r-xp 00000000 00:00 0                  [vsyscall]

VM Arguments:
jvm_args: -agentlib:jdwp=transport=dt_socket,suspend=y,address=localhost:58334 -Drjrcontext=/ -Drjrwebapp=/home/mosmann/develop/git/wicket-praxis/quickstarts/de.wicketpraxis-quickstarts-15-kryo2/src/main/webapp -Drjrport=8080 -Drjrsslport=8443 -Drjrkeystore=/home/mosmann/.keystore -Drjrkeypassword=changeit -Drjrpassword=changeit -Drjrscanintervalseconds=5 -Drjrenablescanner=false -DrjrignoreScanClassFile=true -Drjrenablessl=false -Drjrneedclientauth=false -Drjrparentloaderpriority=true -DrjrenbaleJNDI=false -XX:MaxPermSize=128m -Drjrclasspath=file:///home/mosmann/develop/workspace-wicket/.metadata/.plugins/runjettyrun/de.wicketpraxis-quickstarts-15-kryo2.classpath -Drjrscanlist=file:///home/mosmann/develop/workspace-wicket/.metadata/.plugins/runjettyrun/de.wicketpraxis-quickstarts-15-kryo2.scanlist -DrjrResourceMapping= -DrjrEclipseListener=51878 -Dfile.encoding=UTF-8 
java_command: runjettyrun.Bootstrap
Launcher Type: SUN_STANDARD

Environment Variables:
PATH=/home/mosmann/tools/maven-current//bin:/home/mosmann/bin:/usr/lib/lightdm/lightdm:/usr/local/sbin:/usr/local/bin:/usr/sbin:/usr/bin:/sbin:/bin:/usr/games:/usr/sbin:/sbin:/home/mosmann/bin
LD_LIBRARY_PATH=/usr/lib/jvm/java-6-openjdk-amd64/jre/lib/amd64/server:/usr/lib/jvm/java-6-openjdk-amd64/jre/lib/amd64:/usr/lib/jvm/java-6-openjdk-amd64/jre/../lib/amd64
SHELL=/bin/bash
DISPLAY=:0

Signal Handlers:
SIGSEGV: [libjvm.so+0x7852e0], sa_mask[0]=0x7ffbfeff, sa_flags=0x10000004
SIGBUS: [libjvm.so+0x7852e0], sa_mask[0]=0x7ffbfeff, sa_flags=0x10000004
SIGFPE: [libjvm.so+0x648d40], sa_mask[0]=0x7ffbfeff, sa_flags=0x10000004
SIGPIPE: [libjvm.so+0x648d40], sa_mask[0]=0x7ffbfeff, sa_flags=0x10000004
SIGXFSZ: [libjvm.so+0x648d40], sa_mask[0]=0x7ffbfeff, sa_flags=0x10000004
SIGILL: [libjvm.so+0x648d40], sa_mask[0]=0x7ffbfeff, sa_flags=0x10000004
SIGUSR1: SIG_DFL, sa_mask[0]=0x00000000, sa_flags=0x00000000
SIGUSR2: [libjvm.so+0x648ef0], sa_mask[0]=0x00000004, sa_flags=0x10000004
SIGHUP: [libjvm.so+0x64ba10], sa_mask[0]=0x7ffbfeff, sa_flags=0x10000004
SIGINT: [libjvm.so+0x64ba10], sa_mask[0]=0x7ffbfeff, sa_flags=0x10000004
SIGTERM: [libjvm.so+0x64ba10], sa_mask[0]=0x7ffbfeff, sa_flags=0x10000004
SIGQUIT: [libjvm.so+0x64ba10], sa_mask[0]=0x7ffbfeff, sa_flags=0x10000004


---------------  S Y S T E M  ---------------

OS:Ubuntu 12.04 (precise)
uname:Linux 3.2.0-32-generic #51-Ubuntu SMP Wed Sep 26 21:33:09 UTC 2012 x86_64
libc:glibc 2.15 NPTL 2.15 
rlimit: STACK 8192k, CORE 0k, NPROC 61083, NOFILE 4096, AS infinity
load average:0,63 0,40 0,28

/proc/meminfo:
MemTotal:        7843260 kB
MemFree:         3927988 kB
Buffers:          283300 kB
Cached:          1078124 kB
SwapCached:        78356 kB
Active:          2796076 kB
Inactive:         738908 kB
Active(anon):    2175004 kB
Inactive(anon):   170444 kB
Active(file):     621072 kB
Inactive(file):   568464 kB
Unevictable:          64 kB
Mlocked:              64 kB
SwapTotal:       8048636 kB
SwapFree:        7948792 kB
Dirty:               196 kB
Writeback:             0 kB
AnonPages:       2095768 kB
Mapped:           170452 kB
Shmem:            171736 kB
Slab:             228176 kB
SReclaimable:     194184 kB
SUnreclaim:        33992 kB
KernelStack:        4104 kB
PageTables:        34672 kB
NFS_Unstable:          0 kB
Bounce:                0 kB
WritebackTmp:          0 kB
CommitLimit:    11970264 kB
Committed_AS:    4395264 kB
VmallocTotal:   34359738367 kB
VmallocUsed:      564680 kB
VmallocChunk:   34359168952 kB
HardwareCorrupted:     0 kB
AnonHugePages:         0 kB
HugePages_Total:       0
HugePages_Free:        0
HugePages_Rsvd:        0
HugePages_Surp:        0
Hugepagesize:       2048 kB
DirectMap4k:       73728 kB
DirectMap2M:     8044544 kB


CPU:total 2 (2 cores per cpu, 1 threads per core) family 6 model 37 stepping 5, cmov, cx8, fxsr, mmx, sse, sse2, sse3, ssse3, popcnt

Memory: 4k page, physical 7843260k(3927988k free), swap 8048636k(7948792k free)

vm_info: OpenJDK 64-Bit Server VM (20.0-b12) for linux-amd64 JRE (1.6.0_24-b24), built on Oct 24 2012 16:17:28 by "buildd" with gcc 4.6.3

time: Sun Nov  4 22:03:30 2012
elapsed time: 226 seconds

